[2025-05-30 13:28:00] local.ERROR: No application encryption key has been specified. {"exception":"[object] (Illuminate\\Encryption\\MissingAppKeyException(code: 0): No application encryption key has been specified. at C:\\laragon\\www\\TUBES-WAD1\\vendor\\laravel\\framework\\src\\Illuminate\\Encryption\\EncryptionServiceProvider.php:83)
[stacktrace]
#0 C:\\laragon\\www\\TUBES-WAD1\\vendor\\laravel\\framework\\src\\Illuminate\\Support\\helpers.php(399): Illuminate\\Encryption\\EncryptionServiceProvider->Illuminate\\Encryption\\{closure}('')
#1 C:\\laragon\\www\\TUBES-WAD1\\vendor\\laravel\\framework\\src\\Illuminate\\Encryption\\EncryptionServiceProvider.php(81): tap('', Object(Closure))
#2 C:\\laragon\\www\\TUBES-WAD1\\vendor\\laravel\\framework\\src\\Illuminate\\Encryption\\EncryptionServiceProvider.php(64): Illuminate\\Encryption\\EncryptionServiceProvider->key(Array)
#3 C:\\laragon\\www\\TUBES-WAD1\\vendor\\laravel\\framework\\src\\Illuminate\\Encryption\\EncryptionServiceProvider.php(32): Illuminate\\Encryption\\EncryptionServiceProvider->parseKey(Array)
#4 C:\\laragon\\www\\TUBES-WAD1\\vendor\\laravel\\framework\\src\\Illuminate\\Container\\Container.php(952): Illuminate\\Encryption\\EncryptionServiceProvider->Illuminate\\Encryption\\{closure}(Object(Illuminate\\Foundation\\Application), Array)
#5 C:\\laragon\\www\\TUBES-WAD1\\vendor\\laravel\\framework\\src\\Illuminate\\Container\\Container.php(832): Illuminate\\Container\\Container->build(Object(Closure))
#6 C:\\laragon\\www\\TUBES-WAD1\\vendor\\laravel\\framework\\src\\Illuminate\\Foundation\\Application.php(1078): Illuminate\\Container\\Container->resolve('encrypter', Array, true)
#7 C:\\laragon\\www\\TUBES-WAD1\\vendor\\laravel\\framework\\src\\Illuminate\\Container\\Container.php(763): Illuminate\\Foundation\\Application->resolve('encrypter', Array)
#8 C:\\laragon\\www\\TUBES-WAD1\\vendor\\laravel\\framework\\src\\Illuminate\\Foundation\\Application.php(1058): Illuminate\\Container\\Container->make('encrypter', Array)
#9 C:\\laragon\\www\\TUBES-WAD1\\vendor\\laravel\\framework\\src\\Illuminate\\Container\\Container.php(1133): Illuminate\\Foundation\\Application->make('encrypter')
#10 C:\\laragon\\www\\TUBES-WAD1\\vendor\\laravel\\framework\\src\\Illuminate\\Container\\Container.php(1043): Illuminate\\Container\\Container->resolveClass(Object(ReflectionParameter))
#11 C:\\laragon\\www\\TUBES-WAD1\\vendor\\laravel\\framework\\src\\Illuminate\\Container\\Container.php(994): Illuminate\\Container\\Container->resolveDependencies(Array)
#12 C:\\laragon\\www\\TUBES-WAD1\\vendor\\laravel\\framework\\src\\Illuminate\\Container\\Container.php(832): Illuminate\\Container\\Container->build('Illuminate\\\\Cook...')
#13 C:\\laragon\\www\\TUBES-WAD1\\vendor\\laravel\\framework\\src\\Illuminate\\Foundation\\Application.php(1078): Illuminate\\Container\\Container->resolve('Illuminate\\\\Cook...', Array, true)
#14 C:\\laragon\\www\\TUBES-WAD1\\vendor\\laravel\\framework\\src\\Illuminate\\Container\\Container.php(763): Illuminate\\Foundation\\Application->resolve('Illuminate\\\\Cook...', Array)
#15 C:\\laragon\\www\\TUBES-WAD1\\vendor\\laravel\\framework\\src\\Illuminate\\Foundation\\Application.php(1058): Illuminate\\Container\\Container->make('Illuminate\\\\Cook...', Array)
#16 C:\\laragon\\www\\TUBES-WAD1\\vendor\\laravel\\framework\\src\\Illuminate\\Pipeline\\Pipeline.php(198): Illuminate\\Foundation\\Application->make('Illuminate\\\\Cook...')
#17 C:\\laragon\\www\\TUBES-WAD1\\vendor\\laravel\\framework\\src\\Illuminate\\Pipeline\\Pipeline.php(127): Illuminate\\Pipeline\\Pipeline->Illuminate\\Pipeline\\{closure}(Object(Illuminate\\Http\\Request))
#18 C:\\laragon\\www\\TUBES-WAD1\\vendor\\laravel\\framework\\src\\Illuminate\\Routing\\Router.php(807): Illuminate\\Pipeline\\Pipeline->then(Object(Closure))
#19 C:\\laragon\\www\\TUBES-WAD1\\vendor\\laravel\\framework\\src\\Illuminate\\Routing\\Router.php(786): Illuminate\\Routing\\Router->runRouteWithinStack(Object(Illuminate\\Routing\\Route), Object(Illuminate\\Http\\Request))
#20 C:\\laragon\\www\\TUBES-WAD1\\vendor\\laravel\\framework\\src\\Illuminate\\Routing\\Router.php(750): Illuminate\\Routing\\Router->runRoute(Object(Illuminate\\Http\\Request), Object(Illuminate\\Routing\\Route))
#21 C:\\laragon\\www\\TUBES-WAD1\\vendor\\laravel\\framework\\src\\Illuminate\\Routing\\Router.php(739): Illuminate\\Routing\\Router->dispatchToRoute(Object(Illuminate\\Http\\Request))
#22 C:\\laragon\\www\\TUBES-WAD1\\vendor\\laravel\\framework\\src\\Illuminate\\Foundation\\Http\\Kernel.php(201): Illuminate\\Routing\\Router->dispatch(Object(Illuminate\\Http\\Request))
#23 C:\\laragon\\www\\TUBES-WAD1\\vendor\\laravel\\framework\\src\\Illuminate\\Pipeline\\Pipeline.php(170): Illuminate\\Foundation\\Http\\Kernel->Illuminate\\Foundation\\Http\\{closure}(Object(Illuminate\\Http\\Request))
#24 C:\\laragon\\www\\TUBES-WAD1\\vendor\\laravel\\framework\\src\\Illuminate\\Foundation\\Http\\Middleware\\TransformsRequest.php(21): Illuminate\\Pipeline\\Pipeline->Illuminate\\Pipeline\\{closure}(Object(Illuminate\\Http\\Request))
#25 C:\\laragon\\www\\TUBES-WAD1\\vendor\\laravel\\framework\\src\\Illuminate\\Foundation\\Http\\Middleware\\ConvertEmptyStringsToNull.php(31): Illuminate\\Foundation\\Http\\Middleware\\TransformsRequest->handle(Object(Illuminate\\Http\\Request), Object(Closure))
#26 C:\\laragon\\www\\TUBES-WAD1\\vendor\\laravel\\framework\\src\\Illuminate\\Pipeline\\Pipeline.php(209): Illuminate\\Foundation\\Http\\Middleware\\ConvertEmptyStringsToNull->handle(Object(Illuminate\\Http\\Request), Object(Closure))
#27 C:\\laragon\\www\\TUBES-WAD1\\vendor\\laravel\\framework\\src\\Illuminate\\Foundation\\Http\\Middleware\\TransformsRequest.php(21): Illuminate\\Pipeline\\Pipeline->Illuminate\\Pipeline\\{closure}(Object(Illuminate\\Http\\Request))
#28 C:\\laragon\\www\\TUBES-WAD1\\vendor\\laravel\\framework\\src\\Illuminate\\Foundation\\Http\\Middleware\\TrimStrings.php(51): Illuminate\\Foundation\\Http\\Middleware\\TransformsRequest->handle(Object(Illuminate\\Http\\Request), Object(Closure))
#29 C:\\laragon\\www\\TUBES-WAD1\\vendor\\laravel\\framework\\src\\Illuminate\\Pipeline\\Pipeline.php(209): Illuminate\\Foundation\\Http\\Middleware\\TrimStrings->handle(Object(Illuminate\\Http\\Request), Object(Closure))
#30 C:\\laragon\\www\\TUBES-WAD1\\vendor\\laravel\\framework\\src\\Illuminate\\Http\\Middleware\\ValidatePostSize.php(27): Illuminate\\Pipeline\\Pipeline->Illuminate\\Pipeline\\{closure}(Object(Illuminate\\Http\\Request))
#31 C:\\laragon\\www\\TUBES-WAD1\\vendor\\laravel\\framework\\src\\Illuminate\\Pipeline\\Pipeline.php(209): Illuminate\\Http\\Middleware\\ValidatePostSize->handle(Object(Illuminate\\Http\\Request), Object(Closure))
#32 C:\\laragon\\www\\TUBES-WAD1\\vendor\\laravel\\framework\\src\\Illuminate\\Foundation\\Http\\Middleware\\PreventRequestsDuringMaintenance.php(110): Illuminate\\Pipeline\\Pipeline->Illuminate\\Pipeline\\{closure}(Object(Illuminate\\Http\\Request))
#33 C:\\laragon\\www\\TUBES-WAD1\\vendor\\laravel\\framework\\src\\Illuminate\\Pipeline\\Pipeline.php(209): Illuminate\\Foundation\\Http\\Middleware\\PreventRequestsDuringMaintenance->handle(Object(Illuminate\\Http\\Request), Object(Closure))
#34 C:\\laragon\\www\\TUBES-WAD1\\vendor\\laravel\\framework\\src\\Illuminate\\Http\\Middleware\\HandleCors.php(49): Illuminate\\Pipeline\\Pipeline->Illuminate\\Pipeline\\{closure}(Object(Illuminate\\Http\\Request))
#35 C:\\laragon\\www\\TUBES-WAD1\\vendor\\laravel\\framework\\src\\Illuminate\\Pipeline\\Pipeline.php(209): Illuminate\\Http\\Middleware\\HandleCors->handle(Object(Illuminate\\Http\\Request), Object(Closure))
#36 C:\\laragon\\www\\TUBES-WAD1\\vendor\\laravel\\framework\\src\\Illuminate\\Http\\Middleware\\TrustProxies.php(58): Illuminate\\Pipeline\\Pipeline->Illuminate\\Pipeline\\{closure}(Object(Illuminate\\Http\\Request))
#37 C:\\laragon\\www\\TUBES-WAD1\\vendor\\laravel\\framework\\src\\Illuminate\\Pipeline\\Pipeline.php(209): Illuminate\\Http\\Middleware\\TrustProxies->handle(Object(Illuminate\\Http\\Request), Object(Closure))
#38 C:\\laragon\\www\\TUBES-WAD1\\vendor\\laravel\\framework\\src\\Illuminate\\Foundation\\Http\\Middleware\\InvokeDeferredCallbacks.php(22): Illuminate\\Pipeline\\Pipeline->Illuminate\\Pipeline\\{closure}(Object(Illuminate\\Http\\Request))
#39 C:\\laragon\\www\\TUBES-WAD1\\vendor\\laravel\\framework\\src\\Illuminate\\Pipeline\\Pipeline.php(209): Illuminate\\Foundation\\Http\\Middleware\\InvokeDeferredCallbacks->handle(Object(Illuminate\\Http\\Request), Object(Closure))
#40 C:\\laragon\\www\\TUBES-WAD1\\vendor\\laravel\\framework\\src\\Illuminate\\Pipeline\\Pipeline.php(127): Illuminate\\Pipeline\\Pipeline->Illuminate\\Pipeline\\{closure}(Object(Illuminate\\Http\\Request))
#41 C:\\laragon\\www\\TUBES-WAD1\\vendor\\laravel\\framework\\src\\Illuminate\\Foundation\\Http\\Kernel.php(176): Illuminate\\Pipeline\\Pipeline->then(Object(Closure))
#42 C:\\laragon\\www\\TUBES-WAD1\\vendor\\laravel\\framework\\src\\Illuminate\\Foundation\\Http\\Kernel.php(145): Illuminate\\Foundation\\Http\\Kernel->sendRequestThroughRouter(Object(Illuminate\\Http\\Request))
#43 C:\\laragon\\www\\TUBES-WAD1\\vendor\\laravel\\framework\\src\\Illuminate\\Foundation\\Application.php(1220): Illuminate\\Foundation\\Http\\Kernel->handle(Object(Illuminate\\Http\\Request))
#44 C:\\laragon\\www\\TUBES-WAD1\\public\\index.php(17): Illuminate\\Foundation\\Application->handleRequest(Object(Illuminate\\Http\\Request))
#45 C:\\laragon\\www\\TUBES-WAD1\\vendor\\laravel\\framework\\src\\Illuminate\\Foundation\\resources\\server.php(23): require_once('C:\\\\laragon\\\\www\\\\...')
#46 {main}
"} 
[2025-05-30 13:28:04] local.ERROR: No application encryption key has been specified. {"exception":"[object] (Illuminate\\Encryption\\MissingAppKeyException(code: 0): No application encryption key has been specified. at C:\\laragon\\www\\TUBES-WAD1\\vendor\\laravel\\framework\\src\\Illuminate\\Encryption\\EncryptionServiceProvider.php:83)
[stacktrace]
#0 C:\\laragon\\www\\TUBES-WAD1\\vendor\\laravel\\framework\\src\\Illuminate\\Support\\helpers.php(399): Illuminate\\Encryption\\EncryptionServiceProvider->Illuminate\\Encryption\\{closure}('')
#1 C:\\laragon\\www\\TUBES-WAD1\\vendor\\laravel\\framework\\src\\Illuminate\\Encryption\\EncryptionServiceProvider.php(81): tap('', Object(Closure))
#2 C:\\laragon\\www\\TUBES-WAD1\\vendor\\laravel\\framework\\src\\Illuminate\\Encryption\\EncryptionServiceProvider.php(64): Illuminate\\Encryption\\EncryptionServiceProvider->key(Array)
#3 C:\\laragon\\www\\TUBES-WAD1\\vendor\\laravel\\framework\\src\\Illuminate\\Encryption\\EncryptionServiceProvider.php(32): Illuminate\\Encryption\\EncryptionServiceProvider->parseKey(Array)
#4 C:\\laragon\\www\\TUBES-WAD1\\vendor\\laravel\\framework\\src\\Illuminate\\Container\\Container.php(952): Illuminate\\Encryption\\EncryptionServiceProvider->Illuminate\\Encryption\\{closure}(Object(Illuminate\\Foundation\\Application), Array)
#5 C:\\laragon\\www\\TUBES-WAD1\\vendor\\laravel\\framework\\src\\Illuminate\\Container\\Container.php(832): Illuminate\\Container\\Container->build(Object(Closure))
#6 C:\\laragon\\www\\TUBES-WAD1\\vendor\\laravel\\framework\\src\\Illuminate\\Foundation\\Application.php(1078): Illuminate\\Container\\Container->resolve('encrypter', Array, true)
#7 C:\\laragon\\www\\TUBES-WAD1\\vendor\\laravel\\framework\\src\\Illuminate\\Container\\Container.php(763): Illuminate\\Foundation\\Application->resolve('encrypter', Array)
#8 C:\\laragon\\www\\TUBES-WAD1\\vendor\\laravel\\framework\\src\\Illuminate\\Foundation\\Application.php(1058): Illuminate\\Container\\Container->make('encrypter', Array)
#9 C:\\laragon\\www\\TUBES-WAD1\\vendor\\laravel\\framework\\src\\Illuminate\\Container\\Container.php(1133): Illuminate\\Foundation\\Application->make('encrypter')
#10 C:\\laragon\\www\\TUBES-WAD1\\vendor\\laravel\\framework\\src\\Illuminate\\Container\\Container.php(1043): Illuminate\\Container\\Container->resolveClass(Object(ReflectionParameter))
#11 C:\\laragon\\www\\TUBES-WAD1\\vendor\\laravel\\framework\\src\\Illuminate\\Container\\Container.php(994): Illuminate\\Container\\Container->resolveDependencies(Array)
#12 C:\\laragon\\www\\TUBES-WAD1\\vendor\\laravel\\framework\\src\\Illuminate\\Container\\Container.php(832): Illuminate\\Container\\Container->build('Illuminate\\\\Cook...')
#13 C:\\laragon\\www\\TUBES-WAD1\\vendor\\laravel\\framework\\src\\Illuminate\\Foundation\\Application.php(1078): Illuminate\\Container\\Container->resolve('Illuminate\\\\Cook...', Array, true)
#14 C:\\laragon\\www\\TUBES-WAD1\\vendor\\laravel\\framework\\src\\Illuminate\\Container\\Container.php(763): Illuminate\\Foundation\\Application->resolve('Illuminate\\\\Cook...', Array)
#15 C:\\laragon\\www\\TUBES-WAD1\\vendor\\laravel\\framework\\src\\Illuminate\\Foundation\\Application.php(1058): Illuminate\\Container\\Container->make('Illuminate\\\\Cook...', Array)
#16 C:\\laragon\\www\\TUBES-WAD1\\vendor\\laravel\\framework\\src\\Illuminate\\Foundation\\Http\\Kernel.php(258): Illuminate\\Foundation\\Application->make('Illuminate\\\\Cook...')
#17 C:\\laragon\\www\\TUBES-WAD1\\vendor\\laravel\\framework\\src\\Illuminate\\Foundation\\Http\\Kernel.php(216): Illuminate\\Foundation\\Http\\Kernel->terminateMiddleware(Object(Illuminate\\Http\\Request), Object(Illuminate\\Http\\Response))
#18 C:\\laragon\\www\\TUBES-WAD1\\vendor\\laravel\\framework\\src\\Illuminate\\Foundation\\Application.php(1222): Illuminate\\Foundation\\Http\\Kernel->terminate(Object(Illuminate\\Http\\Request), Object(Illuminate\\Http\\Response))
#19 C:\\laragon\\www\\TUBES-WAD1\\public\\index.php(17): Illuminate\\Foundation\\Application->handleRequest(Object(Illuminate\\Http\\Request))
#20 C:\\laragon\\www\\TUBES-WAD1\\vendor\\laravel\\framework\\src\\Illuminate\\Foundation\\resources\\server.php(23): require_once('C:\\\\laragon\\\\www\\\\...')
#21 {main}
"} 
[2025-05-30 15:01:38] local.ERROR: SQLSTATE[42S22]: Column not found: 1054 Unknown column 'attachments.session_id' in 'where clause' (Connection: mysql, SQL: select * from `attachments` where `attachments`.`session_id` in (2)) {"userId":1,"exception":"[object] (Illuminate\\Database\\QueryException(code: 42S22): SQLSTATE[42S22]: Column not found: 1054 Unknown column 'attachments.session_id' in 'where clause' (Connection: mysql, SQL: select * from `attachments` where `attachments`.`session_id` in (2)) at C:\\Users\\ADMIN\\Documents\\Kuliah\\SEMESTER 4\\PENGEMBANGAN APLIKASI WEBSITE\\TUBES-WAD1\\vendor\\laravel\\framework\\src\\Illuminate\\Database\\Connection.php:825)
[stacktrace]
#0 C:\\Users\\ADMIN\\Documents\\Kuliah\\SEMESTER 4\\PENGEMBANGAN APLIKASI WEBSITE\\TUBES-WAD1\\vendor\\laravel\\framework\\src\\Illuminate\\Database\\Connection.php(779): Illuminate\\Database\\Connection->runQueryCallback()
#1 C:\\Users\\ADMIN\\Documents\\Kuliah\\SEMESTER 4\\PENGEMBANGAN APLIKASI WEBSITE\\TUBES-WAD1\\vendor\\laravel\\framework\\src\\Illuminate\\Database\\Connection.php(398): Illuminate\\Database\\Connection->run()
#2 C:\\Users\\ADMIN\\Documents\\Kuliah\\SEMESTER 4\\PENGEMBANGAN APLIKASI WEBSITE\\TUBES-WAD1\\vendor\\laravel\\framework\\src\\Illuminate\\Database\\Query\\Builder.php(3106): Illuminate\\Database\\Connection->select()
#3 C:\\Users\\ADMIN\\Documents\\Kuliah\\SEMESTER 4\\PENGEMBANGAN APLIKASI WEBSITE\\TUBES-WAD1\\vendor\\laravel\\framework\\src\\Illuminate\\Database\\Query\\Builder.php(3091): Illuminate\\Database\\Query\\Builder->runSelect()
#4 C:\\Users\\ADMIN\\Documents\\Kuliah\\SEMESTER 4\\PENGEMBANGAN APLIKASI WEBSITE\\TUBES-WAD1\\vendor\\laravel\\framework\\src\\Illuminate\\Database\\Query\\Builder.php(3676): Illuminate\\Database\\Query\\Builder->Illuminate\\Database\\Query\\{closure}()
#5 C:\\Users\\ADMIN\\Documents\\Kuliah\\SEMESTER 4\\PENGEMBANGAN APLIKASI WEBSITE\\TUBES-WAD1\\vendor\\laravel\\framework\\src\\Illuminate\\Database\\Query\\Builder.php(3090): Illuminate\\Database\\Query\\Builder->onceWithColumns()
#6 C:\\Users\\ADMIN\\Documents\\Kuliah\\SEMESTER 4\\PENGEMBANGAN APLIKASI WEBSITE\\TUBES-WAD1\\vendor\\laravel\\framework\\src\\Illuminate\\Database\\Eloquent\\Builder.php(811): Illuminate\\Database\\Query\\Builder->get()
#7 C:\\Users\\ADMIN\\Documents\\Kuliah\\SEMESTER 4\\PENGEMBANGAN APLIKASI WEBSITE\\TUBES-WAD1\\vendor\\laravel\\framework\\src\\Illuminate\\Database\\Eloquent\\Builder.php(793): Illuminate\\Database\\Eloquent\\Builder->getModels()
#8 C:\\Users\\ADMIN\\Documents\\Kuliah\\SEMESTER 4\\PENGEMBANGAN APLIKASI WEBSITE\\TUBES-WAD1\\vendor\\laravel\\framework\\src\\Illuminate\\Database\\Eloquent\\Relations\\Relation.php(213): Illuminate\\Database\\Eloquent\\Builder->get()
#9 C:\\Users\\ADMIN\\Documents\\Kuliah\\SEMESTER 4\\PENGEMBANGAN APLIKASI WEBSITE\\TUBES-WAD1\\vendor\\laravel\\framework\\src\\Illuminate\\Database\\Eloquent\\Relations\\Relation.php(176): Illuminate\\Database\\Eloquent\\Relations\\Relation->get()
#10 C:\\Users\\ADMIN\\Documents\\Kuliah\\SEMESTER 4\\PENGEMBANGAN APLIKASI WEBSITE\\TUBES-WAD1\\vendor\\laravel\\framework\\src\\Illuminate\\Database\\Eloquent\\Builder.php(859): Illuminate\\Database\\Eloquent\\Relations\\Relation->getEager()
#11 C:\\Users\\ADMIN\\Documents\\Kuliah\\SEMESTER 4\\PENGEMBANGAN APLIKASI WEBSITE\\TUBES-WAD1\\vendor\\laravel\\framework\\src\\Illuminate\\Database\\Eloquent\\Builder.php(828): Illuminate\\Database\\Eloquent\\Builder->eagerLoadRelation()
#12 C:\\Users\\ADMIN\\Documents\\Kuliah\\SEMESTER 4\\PENGEMBANGAN APLIKASI WEBSITE\\TUBES-WAD1\\vendor\\laravel\\framework\\src\\Illuminate\\Database\\Eloquent\\Model.php(724): Illuminate\\Database\\Eloquent\\Builder->eagerLoadRelations()
#13 C:\\Users\\ADMIN\\Documents\\Kuliah\\SEMESTER 4\\PENGEMBANGAN APLIKASI WEBSITE\\TUBES-WAD1\\app\\Http\\Controllers\\SessionController.php(72): Illuminate\\Database\\Eloquent\\Model->load()
#14 C:\\Users\\ADMIN\\Documents\\Kuliah\\SEMESTER 4\\PENGEMBANGAN APLIKASI WEBSITE\\TUBES-WAD1\\vendor\\laravel\\framework\\src\\Illuminate\\Routing\\ControllerDispatcher.php(47): App\\Http\\Controllers\\SessionController->show()
#15 C:\\Users\\ADMIN\\Documents\\Kuliah\\SEMESTER 4\\PENGEMBANGAN APLIKASI WEBSITE\\TUBES-WAD1\\vendor\\laravel\\framework\\src\\Illuminate\\Routing\\Route.php(266): Illuminate\\Routing\\ControllerDispatcher->dispatch()
#16 C:\\Users\\ADMIN\\Documents\\Kuliah\\SEMESTER 4\\PENGEMBANGAN APLIKASI WEBSITE\\TUBES-WAD1\\vendor\\laravel\\framework\\src\\Illuminate\\Routing\\Route.php(212): Illuminate\\Routing\\Route->runController()
#17 C:\\Users\\ADMIN\\Documents\\Kuliah\\SEMESTER 4\\PENGEMBANGAN APLIKASI WEBSITE\\TUBES-WAD1\\vendor\\laravel\\framework\\src\\Illuminate\\Routing\\Router.php(808): Illuminate\\Routing\\Route->run()
#18 C:\\Users\\ADMIN\\Documents\\Kuliah\\SEMESTER 4\\PENGEMBANGAN APLIKASI WEBSITE\\TUBES-WAD1\\vendor\\laravel\\framework\\src\\Illuminate\\Pipeline\\Pipeline.php(170): Illuminate\\Routing\\Router->Illuminate\\Routing\\{closure}()
#19 C:\\Users\\ADMIN\\Documents\\Kuliah\\SEMESTER 4\\PENGEMBANGAN APLIKASI WEBSITE\\TUBES-WAD1\\vendor\\laravel\\framework\\src\\Illuminate\\Routing\\Middleware\\SubstituteBindings.php(51): Illuminate\\Pipeline\\Pipeline->Illuminate\\Pipeline\\{closure}()
#20 C:\\Users\\ADMIN\\Documents\\Kuliah\\SEMESTER 4\\PENGEMBANGAN APLIKASI WEBSITE\\TUBES-WAD1\\vendor\\laravel\\framework\\src\\Illuminate\\Pipeline\\Pipeline.php(209): Illuminate\\Routing\\Middleware\\SubstituteBindings->handle()
#21 C:\\Users\\ADMIN\\Documents\\Kuliah\\SEMESTER 4\\PENGEMBANGAN APLIKASI WEBSITE\\TUBES-WAD1\\vendor\\laravel\\framework\\src\\Illuminate\\Auth\\Middleware\\Authenticate.php(64): Illuminate\\Pipeline\\Pipeline->Illuminate\\Pipeline\\{closure}()
#22 C:\\Users\\ADMIN\\Documents\\Kuliah\\SEMESTER 4\\PENGEMBANGAN APLIKASI WEBSITE\\TUBES-WAD1\\vendor\\laravel\\framework\\src\\Illuminate\\Pipeline\\Pipeline.php(209): Illuminate\\Auth\\Middleware\\Authenticate->handle()
#23 C:\\Users\\ADMIN\\Documents\\Kuliah\\SEMESTER 4\\PENGEMBANGAN APLIKASI WEBSITE\\TUBES-WAD1\\vendor\\laravel\\framework\\src\\Illuminate\\Foundation\\Http\\Middleware\\VerifyCsrfToken.php(88): Illuminate\\Pipeline\\Pipeline->Illuminate\\Pipeline\\{closure}()
#24 C:\\Users\\ADMIN\\Documents\\Kuliah\\SEMESTER 4\\PENGEMBANGAN APLIKASI WEBSITE\\TUBES-WAD1\\vendor\\laravel\\framework\\src\\Illuminate\\Pipeline\\Pipeline.php(209): Illuminate\\Foundation\\Http\\Middleware\\VerifyCsrfToken->handle()
#25 C:\\Users\\ADMIN\\Documents\\Kuliah\\SEMESTER 4\\PENGEMBANGAN APLIKASI WEBSITE\\TUBES-WAD1\\vendor\\laravel\\framework\\src\\Illuminate\\View\\Middleware\\ShareErrorsFromSession.php(49): Illuminate\\Pipeline\\Pipeline->Illuminate\\Pipeline\\{closure}()
#26 C:\\Users\\ADMIN\\Documents\\Kuliah\\SEMESTER 4\\PENGEMBANGAN APLIKASI WEBSITE\\TUBES-WAD1\\vendor\\laravel\\framework\\src\\Illuminate\\Pipeline\\Pipeline.php(209): Illuminate\\View\\Middleware\\ShareErrorsFromSession->handle()
#27 C:\\Users\\ADMIN\\Documents\\Kuliah\\SEMESTER 4\\PENGEMBANGAN APLIKASI WEBSITE\\TUBES-WAD1\\vendor\\laravel\\framework\\src\\Illuminate\\Session\\Middleware\\StartSession.php(121): Illuminate\\Pipeline\\Pipeline->Illuminate\\Pipeline\\{closure}()
#28 C:\\Users\\ADMIN\\Documents\\Kuliah\\SEMESTER 4\\PENGEMBANGAN APLIKASI WEBSITE\\TUBES-WAD1\\vendor\\laravel\\framework\\src\\Illuminate\\Session\\Middleware\\StartSession.php(64): Illuminate\\Session\\Middleware\\StartSession->handleStatefulRequest()
#29 C:\\Users\\ADMIN\\Documents\\Kuliah\\SEMESTER 4\\PENGEMBANGAN APLIKASI WEBSITE\\TUBES-WAD1\\vendor\\laravel\\framework\\src\\Illuminate\\Pipeline\\Pipeline.php(209): Illuminate\\Session\\Middleware\\StartSession->handle()
#30 C:\\Users\\ADMIN\\Documents\\Kuliah\\SEMESTER 4\\PENGEMBANGAN APLIKASI WEBSITE\\TUBES-WAD1\\vendor\\laravel\\framework\\src\\Illuminate\\Cookie\\Middleware\\AddQueuedCookiesToResponse.php(37): Illuminate\\Pipeline\\Pipeline->Illuminate\\Pipeline\\{closure}()
#31 C:\\Users\\ADMIN\\Documents\\Kuliah\\SEMESTER 4\\PENGEMBANGAN APLIKASI WEBSITE\\TUBES-WAD1\\vendor\\laravel\\framework\\src\\Illuminate\\Pipeline\\Pipeline.php(209): Illuminate\\Cookie\\Middleware\\AddQueuedCookiesToResponse->handle()
#32 C:\\Users\\ADMIN\\Documents\\Kuliah\\SEMESTER 4\\PENGEMBANGAN APLIKASI WEBSITE\\TUBES-WAD1\\vendor\\laravel\\framework\\src\\Illuminate\\Cookie\\Middleware\\EncryptCookies.php(75): Illuminate\\Pipeline\\Pipeline->Illuminate\\Pipeline\\{closure}()
#33 C:\\Users\\ADMIN\\Documents\\Kuliah\\SEMESTER 4\\PENGEMBANGAN APLIKASI WEBSITE\\TUBES-WAD1\\vendor\\laravel\\framework\\src\\Illuminate\\Pipeline\\Pipeline.php(209): Illuminate\\Cookie\\Middleware\\EncryptCookies->handle()
#34 C:\\Users\\ADMIN\\Documents\\Kuliah\\SEMESTER 4\\PENGEMBANGAN APLIKASI WEBSITE\\TUBES-WAD1\\vendor\\laravel\\framework\\src\\Illuminate\\Pipeline\\Pipeline.php(127): Illuminate\\Pipeline\\Pipeline->Illuminate\\Pipeline\\{closure}()
#35 C:\\Users\\ADMIN\\Documents\\Kuliah\\SEMESTER 4\\PENGEMBANGAN APLIKASI WEBSITE\\TUBES-WAD1\\vendor\\laravel\\framework\\src\\Illuminate\\Routing\\Router.php(807): Illuminate\\Pipeline\\Pipeline->then()
#36 C:\\Users\\ADMIN\\Documents\\Kuliah\\SEMESTER 4\\PENGEMBANGAN APLIKASI WEBSITE\\TUBES-WAD1\\vendor\\laravel\\framework\\src\\Illuminate\\Routing\\Router.php(786): Illuminate\\Routing\\Router->runRouteWithinStack()
#37 C:\\Users\\ADMIN\\Documents\\Kuliah\\SEMESTER 4\\PENGEMBANGAN APLIKASI WEBSITE\\TUBES-WAD1\\vendor\\laravel\\framework\\src\\Illuminate\\Routing\\Router.php(750): Illuminate\\Routing\\Router->runRoute()
#38 C:\\Users\\ADMIN\\Documents\\Kuliah\\SEMESTER 4\\PENGEMBANGAN APLIKASI WEBSITE\\TUBES-WAD1\\vendor\\laravel\\framework\\src\\Illuminate\\Routing\\Router.php(739): Illuminate\\Routing\\Router->dispatchToRoute()
#39 C:\\Users\\ADMIN\\Documents\\Kuliah\\SEMESTER 4\\PENGEMBANGAN APLIKASI WEBSITE\\TUBES-WAD1\\vendor\\laravel\\framework\\src\\Illuminate\\Foundation\\Http\\Kernel.php(201): Illuminate\\Routing\\Router->dispatch()
#40 C:\\Users\\ADMIN\\Documents\\Kuliah\\SEMESTER 4\\PENGEMBANGAN APLIKASI WEBSITE\\TUBES-WAD1\\vendor\\laravel\\framework\\src\\Illuminate\\Pipeline\\Pipeline.php(170): Illuminate\\Foundation\\Http\\Kernel->Illuminate\\Foundation\\Http\\{closure}()
#41 C:\\Users\\ADMIN\\Documents\\Kuliah\\SEMESTER 4\\PENGEMBANGAN APLIKASI WEBSITE\\TUBES-WAD1\\vendor\\laravel\\framework\\src\\Illuminate\\Foundation\\Http\\Middleware\\TransformsRequest.php(21): Illuminate\\Pipeline\\Pipeline->Illuminate\\Pipeline\\{closure}()
#42 C:\\Users\\ADMIN\\Documents\\Kuliah\\SEMESTER 4\\PENGEMBANGAN APLIKASI WEBSITE\\TUBES-WAD1\\vendor\\laravel\\framework\\src\\Illuminate\\Foundation\\Http\\Middleware\\ConvertEmptyStringsToNull.php(31): Illuminate\\Foundation\\Http\\Middleware\\TransformsRequest->handle()
#43 C:\\Users\\ADMIN\\Documents\\Kuliah\\SEMESTER 4\\PENGEMBANGAN APLIKASI WEBSITE\\TUBES-WAD1\\vendor\\laravel\\framework\\src\\Illuminate\\Pipeline\\Pipeline.php(209): Illuminate\\Foundation\\Http\\Middleware\\ConvertEmptyStringsToNull->handle()
#44 C:\\Users\\ADMIN\\Documents\\Kuliah\\SEMESTER 4\\PENGEMBANGAN APLIKASI WEBSITE\\TUBES-WAD1\\vendor\\laravel\\framework\\src\\Illuminate\\Foundation\\Http\\Middleware\\TransformsRequest.php(21): Illuminate\\Pipeline\\Pipeline->Illuminate\\Pipeline\\{closure}()
#45 C:\\Users\\ADMIN\\Documents\\Kuliah\\SEMESTER 4\\PENGEMBANGAN APLIKASI WEBSITE\\TUBES-WAD1\\vendor\\laravel\\framework\\src\\Illuminate\\Foundation\\Http\\Middleware\\TrimStrings.php(51): Illuminate\\Foundation\\Http\\Middleware\\TransformsRequest->handle()
#46 C:\\Users\\ADMIN\\Documents\\Kuliah\\SEMESTER 4\\PENGEMBANGAN APLIKASI WEBSITE\\TUBES-WAD1\\vendor\\laravel\\framework\\src\\Illuminate\\Pipeline\\Pipeline.php(209): Illuminate\\Foundation\\Http\\Middleware\\TrimStrings->handle()
#47 C:\\Users\\ADMIN\\Documents\\Kuliah\\SEMESTER 4\\PENGEMBANGAN APLIKASI WEBSITE\\TUBES-WAD1\\vendor\\laravel\\framework\\src\\Illuminate\\Http\\Middleware\\ValidatePostSize.php(27): Illuminate\\Pipeline\\Pipeline->Illuminate\\Pipeline\\{closure}()
#48 C:\\Users\\ADMIN\\Documents\\Kuliah\\SEMESTER 4\\PENGEMBANGAN APLIKASI WEBSITE\\TUBES-WAD1\\vendor\\laravel\\framework\\src\\Illuminate\\Pipeline\\Pipeline.php(209): Illuminate\\Http\\Middleware\\ValidatePostSize->handle()
#49 C:\\Users\\ADMIN\\Documents\\Kuliah\\SEMESTER 4\\PENGEMBANGAN APLIKASI WEBSITE\\TUBES-WAD1\\vendor\\laravel\\framework\\src\\Illuminate\\Foundation\\Http\\Middleware\\PreventRequestsDuringMaintenance.php(110): Illuminate\\Pipeline\\Pipeline->Illuminate\\Pipeline\\{closure}()
#50 C:\\Users\\ADMIN\\Documents\\Kuliah\\SEMESTER 4\\PENGEMBANGAN APLIKASI WEBSITE\\TUBES-WAD1\\vendor\\laravel\\framework\\src\\Illuminate\\Pipeline\\Pipeline.php(209): Illuminate\\Foundation\\Http\\Middleware\\PreventRequestsDuringMaintenance->handle()
#51 C:\\Users\\ADMIN\\Documents\\Kuliah\\SEMESTER 4\\PENGEMBANGAN APLIKASI WEBSITE\\TUBES-WAD1\\vendor\\laravel\\framework\\src\\Illuminate\\Http\\Middleware\\HandleCors.php(49): Illuminate\\Pipeline\\Pipeline->Illuminate\\Pipeline\\{closure}()
#52 C:\\Users\\ADMIN\\Documents\\Kuliah\\SEMESTER 4\\PENGEMBANGAN APLIKASI WEBSITE\\TUBES-WAD1\\vendor\\laravel\\framework\\src\\Illuminate\\Pipeline\\Pipeline.php(209): Illuminate\\Http\\Middleware\\HandleCors->handle()
#53 C:\\Users\\ADMIN\\Documents\\Kuliah\\SEMESTER 4\\PENGEMBANGAN APLIKASI WEBSITE\\TUBES-WAD1\\vendor\\laravel\\framework\\src\\Illuminate\\Http\\Middleware\\TrustProxies.php(58): Illuminate\\Pipeline\\Pipeline->Illuminate\\Pipeline\\{closure}()
#54 C:\\Users\\ADMIN\\Documents\\Kuliah\\SEMESTER 4\\PENGEMBANGAN APLIKASI WEBSITE\\TUBES-WAD1\\vendor\\laravel\\framework\\src\\Illuminate\\Pipeline\\Pipeline.php(209): Illuminate\\Http\\Middleware\\TrustProxies->handle()
#55 C:\\Users\\ADMIN\\Documents\\Kuliah\\SEMESTER 4\\PENGEMBANGAN APLIKASI WEBSITE\\TUBES-WAD1\\vendor\\laravel\\framework\\src\\Illuminate\\Foundation\\Http\\Middleware\\InvokeDeferredCallbacks.php(22): Illuminate\\Pipeline\\Pipeline->Illuminate\\Pipeline\\{closure}()
#56 C:\\Users\\ADMIN\\Documents\\Kuliah\\SEMESTER 4\\PENGEMBANGAN APLIKASI WEBSITE\\TUBES-WAD1\\vendor\\laravel\\framework\\src\\Illuminate\\Pipeline\\Pipeline.php(209): Illuminate\\Foundation\\Http\\Middleware\\InvokeDeferredCallbacks->handle()
#57 C:\\Users\\ADMIN\\Documents\\Kuliah\\SEMESTER 4\\PENGEMBANGAN APLIKASI WEBSITE\\TUBES-WAD1\\vendor\\laravel\\framework\\src\\Illuminate\\Pipeline\\Pipeline.php(127): Illuminate\\Pipeline\\Pipeline->Illuminate\\Pipeline\\{closure}()
#58 C:\\Users\\ADMIN\\Documents\\Kuliah\\SEMESTER 4\\PENGEMBANGAN APLIKASI WEBSITE\\TUBES-WAD1\\vendor\\laravel\\framework\\src\\Illuminate\\Foundation\\Http\\Kernel.php(176): Illuminate\\Pipeline\\Pipeline->then()
#59 C:\\Users\\ADMIN\\Documents\\Kuliah\\SEMESTER 4\\PENGEMBANGAN APLIKASI WEBSITE\\TUBES-WAD1\\vendor\\laravel\\framework\\src\\Illuminate\\Foundation\\Http\\Kernel.php(145): Illuminate\\Foundation\\Http\\Kernel->sendRequestThroughRouter()
#60 C:\\Users\\ADMIN\\Documents\\Kuliah\\SEMESTER 4\\PENGEMBANGAN APLIKASI WEBSITE\\TUBES-WAD1\\vendor\\laravel\\framework\\src\\Illuminate\\Foundation\\Application.php(1220): Illuminate\\Foundation\\Http\\Kernel->handle()
#61 C:\\Users\\ADMIN\\Documents\\Kuliah\\SEMESTER 4\\PENGEMBANGAN APLIKASI WEBSITE\\TUBES-WAD1\\public\\index.php(17): Illuminate\\Foundation\\Application->handleRequest()
#62 C:\\Users\\ADMIN\\Documents\\Kuliah\\SEMESTER 4\\PENGEMBANGAN APLIKASI WEBSITE\\TUBES-WAD1\\vendor\\laravel\\framework\\src\\Illuminate\\Foundation\\resources\\server.php(23): require_once('...')
#63 {main}

[previous exception] [object] (PDOException(code: 42S22): SQLSTATE[42S22]: Column not found: 1054 Unknown column 'attachments.session_id' in 'where clause' at C:\\Users\\ADMIN\\Documents\\Kuliah\\SEMESTER 4\\PENGEMBANGAN APLIKASI WEBSITE\\TUBES-WAD1\\vendor\\laravel\\framework\\src\\Illuminate\\Database\\Connection.php:407)
[stacktrace]
#0 C:\\Users\\ADMIN\\Documents\\Kuliah\\SEMESTER 4\\PENGEMBANGAN APLIKASI WEBSITE\\TUBES-WAD1\\vendor\\laravel\\framework\\src\\Illuminate\\Database\\Connection.php(407): PDO->prepare()
#1 C:\\Users\\ADMIN\\Documents\\Kuliah\\SEMESTER 4\\PENGEMBANGAN APLIKASI WEBSITE\\TUBES-WAD1\\vendor\\laravel\\framework\\src\\Illuminate\\Database\\Connection.php(812): Illuminate\\Database\\Connection->Illuminate\\Database\\{closure}()
#2 C:\\Users\\ADMIN\\Documents\\Kuliah\\SEMESTER 4\\PENGEMBANGAN APLIKASI WEBSITE\\TUBES-WAD1\\vendor\\laravel\\framework\\src\\Illuminate\\Database\\Connection.php(779): Illuminate\\Database\\Connection->runQueryCallback()
#3 C:\\Users\\ADMIN\\Documents\\Kuliah\\SEMESTER 4\\PENGEMBANGAN APLIKASI WEBSITE\\TUBES-WAD1\\vendor\\laravel\\framework\\src\\Illuminate\\Database\\Connection.php(398): Illuminate\\Database\\Connection->run()
#4 C:\\Users\\ADMIN\\Documents\\Kuliah\\SEMESTER 4\\PENGEMBANGAN APLIKASI WEBSITE\\TUBES-WAD1\\vendor\\laravel\\framework\\src\\Illuminate\\Database\\Query\\Builder.php(3106): Illuminate\\Database\\Connection->select()
#5 C:\\Users\\ADMIN\\Documents\\Kuliah\\SEMESTER 4\\PENGEMBANGAN APLIKASI WEBSITE\\TUBES-WAD1\\vendor\\laravel\\framework\\src\\Illuminate\\Database\\Query\\Builder.php(3091): Illuminate\\Database\\Query\\Builder->runSelect()
#6 C:\\Users\\ADMIN\\Documents\\Kuliah\\SEMESTER 4\\PENGEMBANGAN APLIKASI WEBSITE\\TUBES-WAD1\\vendor\\laravel\\framework\\src\\Illuminate\\Database\\Query\\Builder.php(3676): Illuminate\\Database\\Query\\Builder->Illuminate\\Database\\Query\\{closure}()
#7 C:\\Users\\ADMIN\\Documents\\Kuliah\\SEMESTER 4\\PENGEMBANGAN APLIKASI WEBSITE\\TUBES-WAD1\\vendor\\laravel\\framework\\src\\Illuminate\\Database\\Query\\Builder.php(3090): Illuminate\\Database\\Query\\Builder->onceWithColumns()
#8 C:\\Users\\ADMIN\\Documents\\Kuliah\\SEMESTER 4\\PENGEMBANGAN APLIKASI WEBSITE\\TUBES-WAD1\\vendor\\laravel\\framework\\src\\Illuminate\\Database\\Eloquent\\Builder.php(811): Illuminate\\Database\\Query\\Builder->get()
#9 C:\\Users\\ADMIN\\Documents\\Kuliah\\SEMESTER 4\\PENGEMBANGAN APLIKASI WEBSITE\\TUBES-WAD1\\vendor\\laravel\\framework\\src\\Illuminate\\Database\\Eloquent\\Builder.php(793): Illuminate\\Database\\Eloquent\\Builder->getModels()
#10 C:\\Users\\ADMIN\\Documents\\Kuliah\\SEMESTER 4\\PENGEMBANGAN APLIKASI WEBSITE\\TUBES-WAD1\\vendor\\laravel\\framework\\src\\Illuminate\\Database\\Eloquent\\Relations\\Relation.php(213): Illuminate\\Database\\Eloquent\\Builder->get()
#11 C:\\Users\\ADMIN\\Documents\\Kuliah\\SEMESTER 4\\PENGEMBANGAN APLIKASI WEBSITE\\TUBES-WAD1\\vendor\\laravel\\framework\\src\\Illuminate\\Database\\Eloquent\\Relations\\Relation.php(176): Illuminate\\Database\\Eloquent\\Relations\\Relation->get()
#12 C:\\Users\\ADMIN\\Documents\\Kuliah\\SEMESTER 4\\PENGEMBANGAN APLIKASI WEBSITE\\TUBES-WAD1\\vendor\\laravel\\framework\\src\\Illuminate\\Database\\Eloquent\\Builder.php(859): Illuminate\\Database\\Eloquent\\Relations\\Relation->getEager()
#13 C:\\Users\\ADMIN\\Documents\\Kuliah\\SEMESTER 4\\PENGEMBANGAN APLIKASI WEBSITE\\TUBES-WAD1\\vendor\\laravel\\framework\\src\\Illuminate\\Database\\Eloquent\\Builder.php(828): Illuminate\\Database\\Eloquent\\Builder->eagerLoadRelation()
#14 C:\\Users\\ADMIN\\Documents\\Kuliah\\SEMESTER 4\\PENGEMBANGAN APLIKASI WEBSITE\\TUBES-WAD1\\vendor\\laravel\\framework\\src\\Illuminate\\Database\\Eloquent\\Model.php(724): Illuminate\\Database\\Eloquent\\Builder->eagerLoadRelations()
#15 C:\\Users\\ADMIN\\Documents\\Kuliah\\SEMESTER 4\\PENGEMBANGAN APLIKASI WEBSITE\\TUBES-WAD1\\app\\Http\\Controllers\\SessionController.php(72): Illuminate\\Database\\Eloquent\\Model->load()
#16 C:\\Users\\ADMIN\\Documents\\Kuliah\\SEMESTER 4\\PENGEMBANGAN APLIKASI WEBSITE\\TUBES-WAD1\\vendor\\laravel\\framework\\src\\Illuminate\\Routing\\ControllerDispatcher.php(47): App\\Http\\Controllers\\SessionController->show()
#17 C:\\Users\\ADMIN\\Documents\\Kuliah\\SEMESTER 4\\PENGEMBANGAN APLIKASI WEBSITE\\TUBES-WAD1\\vendor\\laravel\\framework\\src\\Illuminate\\Routing\\Route.php(266): Illuminate\\Routing\\ControllerDispatcher->dispatch()
#18 C:\\Users\\ADMIN\\Documents\\Kuliah\\SEMESTER 4\\PENGEMBANGAN APLIKASI WEBSITE\\TUBES-WAD1\\vendor\\laravel\\framework\\src\\Illuminate\\Routing\\Route.php(212): Illuminate\\Routing\\Route->runController()
#19 C:\\Users\\ADMIN\\Documents\\Kuliah\\SEMESTER 4\\PENGEMBANGAN APLIKASI WEBSITE\\TUBES-WAD1\\vendor\\laravel\\framework\\src\\Illuminate\\Routing\\Router.php(808): Illuminate\\Routing\\Route->run()
#20 C:\\Users\\ADMIN\\Documents\\Kuliah\\SEMESTER 4\\PENGEMBANGAN APLIKASI WEBSITE\\TUBES-WAD1\\vendor\\laravel\\framework\\src\\Illuminate\\Pipeline\\Pipeline.php(170): Illuminate\\Routing\\Router->Illuminate\\Routing\\{closure}()
#21 C:\\Users\\ADMIN\\Documents\\Kuliah\\SEMESTER 4\\PENGEMBANGAN APLIKASI WEBSITE\\TUBES-WAD1\\vendor\\laravel\\framework\\src\\Illuminate\\Routing\\Middleware\\SubstituteBindings.php(51): Illuminate\\Pipeline\\Pipeline->Illuminate\\Pipeline\\{closure}()
#22 C:\\Users\\ADMIN\\Documents\\Kuliah\\SEMESTER 4\\PENGEMBANGAN APLIKASI WEBSITE\\TUBES-WAD1\\vendor\\laravel\\framework\\src\\Illuminate\\Pipeline\\Pipeline.php(209): Illuminate\\Routing\\Middleware\\SubstituteBindings->handle()
#23 C:\\Users\\ADMIN\\Documents\\Kuliah\\SEMESTER 4\\PENGEMBANGAN APLIKASI WEBSITE\\TUBES-WAD1\\vendor\\laravel\\framework\\src\\Illuminate\\Auth\\Middleware\\Authenticate.php(64): Illuminate\\Pipeline\\Pipeline->Illuminate\\Pipeline\\{closure}()
#24 C:\\Users\\ADMIN\\Documents\\Kuliah\\SEMESTER 4\\PENGEMBANGAN APLIKASI WEBSITE\\TUBES-WAD1\\vendor\\laravel\\framework\\src\\Illuminate\\Pipeline\\Pipeline.php(209): Illuminate\\Auth\\Middleware\\Authenticate->handle()
#25 C:\\Users\\ADMIN\\Documents\\Kuliah\\SEMESTER 4\\PENGEMBANGAN APLIKASI WEBSITE\\TUBES-WAD1\\vendor\\laravel\\framework\\src\\Illuminate\\Foundation\\Http\\Middleware\\VerifyCsrfToken.php(88): Illuminate\\Pipeline\\Pipeline->Illuminate\\Pipeline\\{closure}()
#26 C:\\Users\\ADMIN\\Documents\\Kuliah\\SEMESTER 4\\PENGEMBANGAN APLIKASI WEBSITE\\TUBES-WAD1\\vendor\\laravel\\framework\\src\\Illuminate\\Pipeline\\Pipeline.php(209): Illuminate\\Foundation\\Http\\Middleware\\VerifyCsrfToken->handle()
#27 C:\\Users\\ADMIN\\Documents\\Kuliah\\SEMESTER 4\\PENGEMBANGAN APLIKASI WEBSITE\\TUBES-WAD1\\vendor\\laravel\\framework\\src\\Illuminate\\View\\Middleware\\ShareErrorsFromSession.php(49): Illuminate\\Pipeline\\Pipeline->Illuminate\\Pipeline\\{closure}()
#28 C:\\Users\\ADMIN\\Documents\\Kuliah\\SEMESTER 4\\PENGEMBANGAN APLIKASI WEBSITE\\TUBES-WAD1\\vendor\\laravel\\framework\\src\\Illuminate\\Pipeline\\Pipeline.php(209): Illuminate\\View\\Middleware\\ShareErrorsFromSession->handle()
#29 C:\\Users\\ADMIN\\Documents\\Kuliah\\SEMESTER 4\\PENGEMBANGAN APLIKASI WEBSITE\\TUBES-WAD1\\vendor\\laravel\\framework\\src\\Illuminate\\Session\\Middleware\\StartSession.php(121): Illuminate\\Pipeline\\Pipeline->Illuminate\\Pipeline\\{closure}()
#30 C:\\Users\\ADMIN\\Documents\\Kuliah\\SEMESTER 4\\PENGEMBANGAN APLIKASI WEBSITE\\TUBES-WAD1\\vendor\\laravel\\framework\\src\\Illuminate\\Session\\Middleware\\StartSession.php(64): Illuminate\\Session\\Middleware\\StartSession->handleStatefulRequest()
#31 C:\\Users\\ADMIN\\Documents\\Kuliah\\SEMESTER 4\\PENGEMBANGAN APLIKASI WEBSITE\\TUBES-WAD1\\vendor\\laravel\\framework\\src\\Illuminate\\Pipeline\\Pipeline.php(209): Illuminate\\Session\\Middleware\\StartSession->handle()
#32 C:\\Users\\ADMIN\\Documents\\Kuliah\\SEMESTER 4\\PENGEMBANGAN APLIKASI WEBSITE\\TUBES-WAD1\\vendor\\laravel\\framework\\src\\Illuminate\\Cookie\\Middleware\\AddQueuedCookiesToResponse.php(37): Illuminate\\Pipeline\\Pipeline->Illuminate\\Pipeline\\{closure}()
#33 C:\\Users\\ADMIN\\Documents\\Kuliah\\SEMESTER 4\\PENGEMBANGAN APLIKASI WEBSITE\\TUBES-WAD1\\vendor\\laravel\\framework\\src\\Illuminate\\Pipeline\\Pipeline.php(209): Illuminate\\Cookie\\Middleware\\AddQueuedCookiesToResponse->handle()
#34 C:\\Users\\ADMIN\\Documents\\Kuliah\\SEMESTER 4\\PENGEMBANGAN APLIKASI WEBSITE\\TUBES-WAD1\\vendor\\laravel\\framework\\src\\Illuminate\\Cookie\\Middleware\\EncryptCookies.php(75): Illuminate\\Pipeline\\Pipeline->Illuminate\\Pipeline\\{closure}()
#35 C:\\Users\\ADMIN\\Documents\\Kuliah\\SEMESTER 4\\PENGEMBANGAN APLIKASI WEBSITE\\TUBES-WAD1\\vendor\\laravel\\framework\\src\\Illuminate\\Pipeline\\Pipeline.php(209): Illuminate\\Cookie\\Middleware\\EncryptCookies->handle()
#36 C:\\Users\\ADMIN\\Documents\\Kuliah\\SEMESTER 4\\PENGEMBANGAN APLIKASI WEBSITE\\TUBES-WAD1\\vendor\\laravel\\framework\\src\\Illuminate\\Pipeline\\Pipeline.php(127): Illuminate\\Pipeline\\Pipeline->Illuminate\\Pipeline\\{closure}()
#37 C:\\Users\\ADMIN\\Documents\\Kuliah\\SEMESTER 4\\PENGEMBANGAN APLIKASI WEBSITE\\TUBES-WAD1\\vendor\\laravel\\framework\\src\\Illuminate\\Routing\\Router.php(807): Illuminate\\Pipeline\\Pipeline->then()
#38 C:\\Users\\ADMIN\\Documents\\Kuliah\\SEMESTER 4\\PENGEMBANGAN APLIKASI WEBSITE\\TUBES-WAD1\\vendor\\laravel\\framework\\src\\Illuminate\\Routing\\Router.php(786): Illuminate\\Routing\\Router->runRouteWithinStack()
#39 C:\\Users\\ADMIN\\Documents\\Kuliah\\SEMESTER 4\\PENGEMBANGAN APLIKASI WEBSITE\\TUBES-WAD1\\vendor\\laravel\\framework\\src\\Illuminate\\Routing\\Router.php(750): Illuminate\\Routing\\Router->runRoute()
#40 C:\\Users\\ADMIN\\Documents\\Kuliah\\SEMESTER 4\\PENGEMBANGAN APLIKASI WEBSITE\\TUBES-WAD1\\vendor\\laravel\\framework\\src\\Illuminate\\Routing\\Router.php(739): Illuminate\\Routing\\Router->dispatchToRoute()
#41 C:\\Users\\ADMIN\\Documents\\Kuliah\\SEMESTER 4\\PENGEMBANGAN APLIKASI WEBSITE\\TUBES-WAD1\\vendor\\laravel\\framework\\src\\Illuminate\\Foundation\\Http\\Kernel.php(201): Illuminate\\Routing\\Router->dispatch()
#42 C:\\Users\\ADMIN\\Documents\\Kuliah\\SEMESTER 4\\PENGEMBANGAN APLIKASI WEBSITE\\TUBES-WAD1\\vendor\\laravel\\framework\\src\\Illuminate\\Pipeline\\Pipeline.php(170): Illuminate\\Foundation\\Http\\Kernel->Illuminate\\Foundation\\Http\\{closure}()
#43 C:\\Users\\ADMIN\\Documents\\Kuliah\\SEMESTER 4\\PENGEMBANGAN APLIKASI WEBSITE\\TUBES-WAD1\\vendor\\laravel\\framework\\src\\Illuminate\\Foundation\\Http\\Middleware\\TransformsRequest.php(21): Illuminate\\Pipeline\\Pipeline->Illuminate\\Pipeline\\{closure}()
#44 C:\\Users\\ADMIN\\Documents\\Kuliah\\SEMESTER 4\\PENGEMBANGAN APLIKASI WEBSITE\\TUBES-WAD1\\vendor\\laravel\\framework\\src\\Illuminate\\Foundation\\Http\\Middleware\\ConvertEmptyStringsToNull.php(31): Illuminate\\Foundation\\Http\\Middleware\\TransformsRequest->handle()
#45 C:\\Users\\ADMIN\\Documents\\Kuliah\\SEMESTER 4\\PENGEMBANGAN APLIKASI WEBSITE\\TUBES-WAD1\\vendor\\laravel\\framework\\src\\Illuminate\\Pipeline\\Pipeline.php(209): Illuminate\\Foundation\\Http\\Middleware\\ConvertEmptyStringsToNull->handle()
#46 C:\\Users\\ADMIN\\Documents\\Kuliah\\SEMESTER 4\\PENGEMBANGAN APLIKASI WEBSITE\\TUBES-WAD1\\vendor\\laravel\\framework\\src\\Illuminate\\Foundation\\Http\\Middleware\\TransformsRequest.php(21): Illuminate\\Pipeline\\Pipeline->Illuminate\\Pipeline\\{closure}()
#47 C:\\Users\\ADMIN\\Documents\\Kuliah\\SEMESTER 4\\PENGEMBANGAN APLIKASI WEBSITE\\TUBES-WAD1\\vendor\\laravel\\framework\\src\\Illuminate\\Foundation\\Http\\Middleware\\TrimStrings.php(51): Illuminate\\Foundation\\Http\\Middleware\\TransformsRequest->handle()
#48 C:\\Users\\ADMIN\\Documents\\Kuliah\\SEMESTER 4\\PENGEMBANGAN APLIKASI WEBSITE\\TUBES-WAD1\\vendor\\laravel\\framework\\src\\Illuminate\\Pipeline\\Pipeline.php(209): Illuminate\\Foundation\\Http\\Middleware\\TrimStrings->handle()
#49 C:\\Users\\ADMIN\\Documents\\Kuliah\\SEMESTER 4\\PENGEMBANGAN APLIKASI WEBSITE\\TUBES-WAD1\\vendor\\laravel\\framework\\src\\Illuminate\\Http\\Middleware\\ValidatePostSize.php(27): Illuminate\\Pipeline\\Pipeline->Illuminate\\Pipeline\\{closure}()
#50 C:\\Users\\ADMIN\\Documents\\Kuliah\\SEMESTER 4\\PENGEMBANGAN APLIKASI WEBSITE\\TUBES-WAD1\\vendor\\laravel\\framework\\src\\Illuminate\\Pipeline\\Pipeline.php(209): Illuminate\\Http\\Middleware\\ValidatePostSize->handle()
#51 C:\\Users\\ADMIN\\Documents\\Kuliah\\SEMESTER 4\\PENGEMBANGAN APLIKASI WEBSITE\\TUBES-WAD1\\vendor\\laravel\\framework\\src\\Illuminate\\Foundation\\Http\\Middleware\\PreventRequestsDuringMaintenance.php(110): Illuminate\\Pipeline\\Pipeline->Illuminate\\Pipeline\\{closure}()
#52 C:\\Users\\ADMIN\\Documents\\Kuliah\\SEMESTER 4\\PENGEMBANGAN APLIKASI WEBSITE\\TUBES-WAD1\\vendor\\laravel\\framework\\src\\Illuminate\\Pipeline\\Pipeline.php(209): Illuminate\\Foundation\\Http\\Middleware\\PreventRequestsDuringMaintenance->handle()
#53 C:\\Users\\ADMIN\\Documents\\Kuliah\\SEMESTER 4\\PENGEMBANGAN APLIKASI WEBSITE\\TUBES-WAD1\\vendor\\laravel\\framework\\src\\Illuminate\\Http\\Middleware\\HandleCors.php(49): Illuminate\\Pipeline\\Pipeline->Illuminate\\Pipeline\\{closure}()
#54 C:\\Users\\ADMIN\\Documents\\Kuliah\\SEMESTER 4\\PENGEMBANGAN APLIKASI WEBSITE\\TUBES-WAD1\\vendor\\laravel\\framework\\src\\Illuminate\\Pipeline\\Pipeline.php(209): Illuminate\\Http\\Middleware\\HandleCors->handle()
#55 C:\\Users\\ADMIN\\Documents\\Kuliah\\SEMESTER 4\\PENGEMBANGAN APLIKASI WEBSITE\\TUBES-WAD1\\vendor\\laravel\\framework\\src\\Illuminate\\Http\\Middleware\\TrustProxies.php(58): Illuminate\\Pipeline\\Pipeline->Illuminate\\Pipeline\\{closure}()
#56 C:\\Users\\ADMIN\\Documents\\Kuliah\\SEMESTER 4\\PENGEMBANGAN APLIKASI WEBSITE\\TUBES-WAD1\\vendor\\laravel\\framework\\src\\Illuminate\\Pipeline\\Pipeline.php(209): Illuminate\\Http\\Middleware\\TrustProxies->handle()
#57 C:\\Users\\ADMIN\\Documents\\Kuliah\\SEMESTER 4\\PENGEMBANGAN APLIKASI WEBSITE\\TUBES-WAD1\\vendor\\laravel\\framework\\src\\Illuminate\\Foundation\\Http\\Middleware\\InvokeDeferredCallbacks.php(22): Illuminate\\Pipeline\\Pipeline->Illuminate\\Pipeline\\{closure}()
#58 C:\\Users\\ADMIN\\Documents\\Kuliah\\SEMESTER 4\\PENGEMBANGAN APLIKASI WEBSITE\\TUBES-WAD1\\vendor\\laravel\\framework\\src\\Illuminate\\Pipeline\\Pipeline.php(209): Illuminate\\Foundation\\Http\\Middleware\\InvokeDeferredCallbacks->handle()
#59 C:\\Users\\ADMIN\\Documents\\Kuliah\\SEMESTER 4\\PENGEMBANGAN APLIKASI WEBSITE\\TUBES-WAD1\\vendor\\laravel\\framework\\src\\Illuminate\\Pipeline\\Pipeline.php(127): Illuminate\\Pipeline\\Pipeline->Illuminate\\Pipeline\\{closure}()
#60 C:\\Users\\ADMIN\\Documents\\Kuliah\\SEMESTER 4\\PENGEMBANGAN APLIKASI WEBSITE\\TUBES-WAD1\\vendor\\laravel\\framework\\src\\Illuminate\\Foundation\\Http\\Kernel.php(176): Illuminate\\Pipeline\\Pipeline->then()
#61 C:\\Users\\ADMIN\\Documents\\Kuliah\\SEMESTER 4\\PENGEMBANGAN APLIKASI WEBSITE\\TUBES-WAD1\\vendor\\laravel\\framework\\src\\Illuminate\\Foundation\\Http\\Kernel.php(145): Illuminate\\Foundation\\Http\\Kernel->sendRequestThroughRouter()
#62 C:\\Users\\ADMIN\\Documents\\Kuliah\\SEMESTER 4\\PENGEMBANGAN APLIKASI WEBSITE\\TUBES-WAD1\\vendor\\laravel\\framework\\src\\Illuminate\\Foundation\\Application.php(1220): Illuminate\\Foundation\\Http\\Kernel->handle()
#63 C:\\Users\\ADMIN\\Documents\\Kuliah\\SEMESTER 4\\PENGEMBANGAN APLIKASI WEBSITE\\TUBES-WAD1\\public\\index.php(17): Illuminate\\Foundation\\Application->handleRequest()
#64 C:\\Users\\ADMIN\\Documents\\Kuliah\\SEMESTER 4\\PENGEMBANGAN APLIKASI WEBSITE\\TUBES-WAD1\\vendor\\laravel\\framework\\src\\Illuminate\\Foundation\\resources\\server.php(23): require_once('...')
#65 {main}
"} 
[2025-05-30 15:07:51] local.ERROR: SQLSTATE[HY000]: General error: 3780 Referencing column 'session_id' and referenced column 'id' in foreign key constraint 'attachments_session_id_foreign' are incompatible. (Connection: mysql, SQL: alter table `attachments` add constraint `attachments_session_id_foreign` foreign key (`session_id`) references `sessions` (`id`) on delete cascade) {"exception":"[object] (Illuminate\\Database\\QueryException(code: HY000): SQLSTATE[HY000]: General error: 3780 Referencing column 'session_id' and referenced column 'id' in foreign key constraint 'attachments_session_id_foreign' are incompatible. (Connection: mysql, SQL: alter table `attachments` add constraint `attachments_session_id_foreign` foreign key (`session_id`) references `sessions` (`id`) on delete cascade) at C:\\Users\\ADMIN\\Documents\\Kuliah\\SEMESTER 4\\PENGEMBANGAN APLIKASI WEBSITE\\TUBES-WAD1\\vendor\\laravel\\framework\\src\\Illuminate\\Database\\Connection.php:825)
[stacktrace]
#0 C:\\Users\\ADMIN\\Documents\\Kuliah\\SEMESTER 4\\PENGEMBANGAN APLIKASI WEBSITE\\TUBES-WAD1\\vendor\\laravel\\framework\\src\\Illuminate\\Database\\Connection.php(779): Illuminate\\Database\\Connection->runQueryCallback()
#1 C:\\Users\\ADMIN\\Documents\\Kuliah\\SEMESTER 4\\PENGEMBANGAN APLIKASI WEBSITE\\TUBES-WAD1\\vendor\\laravel\\framework\\src\\Illuminate\\Database\\Connection.php(560): Illuminate\\Database\\Connection->run()
#2 C:\\Users\\ADMIN\\Documents\\Kuliah\\SEMESTER 4\\PENGEMBANGAN APLIKASI WEBSITE\\TUBES-WAD1\\vendor\\laravel\\framework\\src\\Illuminate\\Database\\Schema\\Blueprint.php(118): Illuminate\\Database\\Connection->statement()
#3 C:\\Users\\ADMIN\\Documents\\Kuliah\\SEMESTER 4\\PENGEMBANGAN APLIKASI WEBSITE\\TUBES-WAD1\\vendor\\laravel\\framework\\src\\Illuminate\\Database\\Schema\\Builder.php(564): Illuminate\\Database\\Schema\\Blueprint->build()
#4 C:\\Users\\ADMIN\\Documents\\Kuliah\\SEMESTER 4\\PENGEMBANGAN APLIKASI WEBSITE\\TUBES-WAD1\\vendor\\laravel\\framework\\src\\Illuminate\\Database\\Schema\\Builder.php(406): Illuminate\\Database\\Schema\\Builder->build()
#5 C:\\Users\\ADMIN\\Documents\\Kuliah\\SEMESTER 4\\PENGEMBANGAN APLIKASI WEBSITE\\TUBES-WAD1\\vendor\\laravel\\framework\\src\\Illuminate\\Support\\Facades\\Facade.php(361): Illuminate\\Database\\Schema\\Builder->table()
#6 C:\\Users\\ADMIN\\Documents\\Kuliah\\SEMESTER 4\\PENGEMBANGAN APLIKASI WEBSITE\\TUBES-WAD1\\database\\migrations\\2025_05_30_150154_add_session_id_to_attachments_table.php(14): Illuminate\\Support\\Facades\\Facade::__callStatic()
#7 C:\\Users\\ADMIN\\Documents\\Kuliah\\SEMESTER 4\\PENGEMBANGAN APLIKASI WEBSITE\\TUBES-WAD1\\vendor\\laravel\\framework\\src\\Illuminate\\Database\\Migrations\\Migrator.php(507): Illuminate\\Database\\Migrations\\Migration@anonymous->up()
#8 C:\\Users\\ADMIN\\Documents\\Kuliah\\SEMESTER 4\\PENGEMBANGAN APLIKASI WEBSITE\\TUBES-WAD1\\vendor\\laravel\\framework\\src\\Illuminate\\Database\\Migrations\\Migrator.php(432): Illuminate\\Database\\Migrations\\Migrator->runMethod()
#9 C:\\Users\\ADMIN\\Documents\\Kuliah\\SEMESTER 4\\PENGEMBANGAN APLIKASI WEBSITE\\TUBES-WAD1\\vendor\\laravel\\framework\\src\\Illuminate\\Database\\Migrations\\Migrator.php(441): Illuminate\\Database\\Migrations\\Migrator->Illuminate\\Database\\Migrations\\{closure}()
#10 C:\\Users\\ADMIN\\Documents\\Kuliah\\SEMESTER 4\\PENGEMBANGAN APLIKASI WEBSITE\\TUBES-WAD1\\vendor\\laravel\\framework\\src\\Illuminate\\Database\\Migrations\\Migrator.php(244): Illuminate\\Database\\Migrations\\Migrator->runMigration()
#11 C:\\Users\\ADMIN\\Documents\\Kuliah\\SEMESTER 4\\PENGEMBANGAN APLIKASI WEBSITE\\TUBES-WAD1\\vendor\\laravel\\framework\\src\\Illuminate\\Console\\View\\Components\\Task.php(40): Illuminate\\Database\\Migrations\\Migrator->Illuminate\\Database\\Migrations\\{closure}()
#12 C:\\Users\\ADMIN\\Documents\\Kuliah\\SEMESTER 4\\PENGEMBANGAN APLIKASI WEBSITE\\TUBES-WAD1\\vendor\\laravel\\framework\\src\\Illuminate\\Database\\Migrations\\Migrator.php(798): Illuminate\\Console\\View\\Components\\Task->render()
#13 C:\\Users\\ADMIN\\Documents\\Kuliah\\SEMESTER 4\\PENGEMBANGAN APLIKASI WEBSITE\\TUBES-WAD1\\vendor\\laravel\\framework\\src\\Illuminate\\Database\\Migrations\\Migrator.php(244): Illuminate\\Database\\Migrations\\Migrator->write()
#14 C:\\Users\\ADMIN\\Documents\\Kuliah\\SEMESTER 4\\PENGEMBANGAN APLIKASI WEBSITE\\TUBES-WAD1\\vendor\\laravel\\framework\\src\\Illuminate\\Database\\Migrations\\Migrator.php(211): Illuminate\\Database\\Migrations\\Migrator->runUp()
#15 C:\\Users\\ADMIN\\Documents\\Kuliah\\SEMESTER 4\\PENGEMBANGAN APLIKASI WEBSITE\\TUBES-WAD1\\vendor\\laravel\\framework\\src\\Illuminate\\Database\\Migrations\\Migrator.php(138): Illuminate\\Database\\Migrations\\Migrator->runPending()
#16 C:\\Users\\ADMIN\\Documents\\Kuliah\\SEMESTER 4\\PENGEMBANGAN APLIKASI WEBSITE\\TUBES-WAD1\\vendor\\laravel\\framework\\src\\Illuminate\\Database\\Console\\Migrations\\MigrateCommand.php(117): Illuminate\\Database\\Migrations\\Migrator->run()
#17 C:\\Users\\ADMIN\\Documents\\Kuliah\\SEMESTER 4\\PENGEMBANGAN APLIKASI WEBSITE\\TUBES-WAD1\\vendor\\laravel\\framework\\src\\Illuminate\\Database\\Migrations\\Migrator.php(658): Illuminate\\Database\\Console\\Migrations\\MigrateCommand->Illuminate\\Database\\Console\\Migrations\\{closure}()
#18 C:\\Users\\ADMIN\\Documents\\Kuliah\\SEMESTER 4\\PENGEMBANGAN APLIKASI WEBSITE\\TUBES-WAD1\\vendor\\laravel\\framework\\src\\Illuminate\\Database\\Console\\Migrations\\MigrateCommand.php(110): Illuminate\\Database\\Migrations\\Migrator->usingConnection()
#19 C:\\Users\\ADMIN\\Documents\\Kuliah\\SEMESTER 4\\PENGEMBANGAN APLIKASI WEBSITE\\TUBES-WAD1\\vendor\\laravel\\framework\\src\\Illuminate\\Database\\Console\\Migrations\\MigrateCommand.php(89): Illuminate\\Database\\Console\\Migrations\\MigrateCommand->runMigrations()
#20 C:\\Users\\ADMIN\\Documents\\Kuliah\\SEMESTER 4\\PENGEMBANGAN APLIKASI WEBSITE\\TUBES-WAD1\\vendor\\laravel\\framework\\src\\Illuminate\\Container\\BoundMethod.php(36): Illuminate\\Database\\Console\\Migrations\\MigrateCommand->handle()
#21 C:\\Users\\ADMIN\\Documents\\Kuliah\\SEMESTER 4\\PENGEMBANGAN APLIKASI WEBSITE\\TUBES-WAD1\\vendor\\laravel\\framework\\src\\Illuminate\\Container\\Util.php(43): Illuminate\\Container\\BoundMethod::Illuminate\\Container\\{closure}()
#22 C:\\Users\\ADMIN\\Documents\\Kuliah\\SEMESTER 4\\PENGEMBANGAN APLIKASI WEBSITE\\TUBES-WAD1\\vendor\\laravel\\framework\\src\\Illuminate\\Container\\BoundMethod.php(95): Illuminate\\Container\\Util::unwrapIfClosure()
#23 C:\\Users\\ADMIN\\Documents\\Kuliah\\SEMESTER 4\\PENGEMBANGAN APLIKASI WEBSITE\\TUBES-WAD1\\vendor\\laravel\\framework\\src\\Illuminate\\Container\\BoundMethod.php(35): Illuminate\\Container\\BoundMethod::callBoundMethod()
#24 C:\\Users\\ADMIN\\Documents\\Kuliah\\SEMESTER 4\\PENGEMBANGAN APLIKASI WEBSITE\\TUBES-WAD1\\vendor\\laravel\\framework\\src\\Illuminate\\Container\\Container.php(696): Illuminate\\Container\\BoundMethod::call()
#25 C:\\Users\\ADMIN\\Documents\\Kuliah\\SEMESTER 4\\PENGEMBANGAN APLIKASI WEBSITE\\TUBES-WAD1\\vendor\\laravel\\framework\\src\\Illuminate\\Console\\Command.php(213): Illuminate\\Container\\Container->call()
#26 C:\\Users\\ADMIN\\Documents\\Kuliah\\SEMESTER 4\\PENGEMBANGAN APLIKASI WEBSITE\\TUBES-WAD1\\vendor\\symfony\\console\\Command\\Command.php(279): Illuminate\\Console\\Command->execute()
#27 C:\\Users\\ADMIN\\Documents\\Kuliah\\SEMESTER 4\\PENGEMBANGAN APLIKASI WEBSITE\\TUBES-WAD1\\vendor\\laravel\\framework\\src\\Illuminate\\Console\\Command.php(182): Symfony\\Component\\Console\\Command\\Command->run()
#28 C:\\Users\\ADMIN\\Documents\\Kuliah\\SEMESTER 4\\PENGEMBANGAN APLIKASI WEBSITE\\TUBES-WAD1\\vendor\\symfony\\console\\Application.php(1094): Illuminate\\Console\\Command->run()
#29 C:\\Users\\ADMIN\\Documents\\Kuliah\\SEMESTER 4\\PENGEMBANGAN APLIKASI WEBSITE\\TUBES-WAD1\\vendor\\symfony\\console\\Application.php(342): Symfony\\Component\\Console\\Application->doRunCommand()
#30 C:\\Users\\ADMIN\\Documents\\Kuliah\\SEMESTER 4\\PENGEMBANGAN APLIKASI WEBSITE\\TUBES-WAD1\\vendor\\symfony\\console\\Application.php(193): Symfony\\Component\\Console\\Application->doRun()
#31 C:\\Users\\ADMIN\\Documents\\Kuliah\\SEMESTER 4\\PENGEMBANGAN APLIKASI WEBSITE\\TUBES-WAD1\\vendor\\laravel\\framework\\src\\Illuminate\\Foundation\\Console\\Kernel.php(198): Symfony\\Component\\Console\\Application->run()
#32 C:\\Users\\ADMIN\\Documents\\Kuliah\\SEMESTER 4\\PENGEMBANGAN APLIKASI WEBSITE\\TUBES-WAD1\\vendor\\laravel\\framework\\src\\Illuminate\\Foundation\\Application.php(1235): Illuminate\\Foundation\\Console\\Kernel->handle()
#33 C:\\Users\\ADMIN\\Documents\\Kuliah\\SEMESTER 4\\PENGEMBANGAN APLIKASI WEBSITE\\TUBES-WAD1\\artisan(13): Illuminate\\Foundation\\Application->handleCommand()
#34 {main}

[previous exception] [object] (PDOException(code: HY000): SQLSTATE[HY000]: General error: 3780 Referencing column 'session_id' and referenced column 'id' in foreign key constraint 'attachments_session_id_foreign' are incompatible. at C:\\Users\\ADMIN\\Documents\\Kuliah\\SEMESTER 4\\PENGEMBANGAN APLIKASI WEBSITE\\TUBES-WAD1\\vendor\\laravel\\framework\\src\\Illuminate\\Database\\Connection.php:571)
[stacktrace]
#0 C:\\Users\\ADMIN\\Documents\\Kuliah\\SEMESTER 4\\PENGEMBANGAN APLIKASI WEBSITE\\TUBES-WAD1\\vendor\\laravel\\framework\\src\\Illuminate\\Database\\Connection.php(571): PDOStatement->execute()
#1 C:\\Users\\ADMIN\\Documents\\Kuliah\\SEMESTER 4\\PENGEMBANGAN APLIKASI WEBSITE\\TUBES-WAD1\\vendor\\laravel\\framework\\src\\Illuminate\\Database\\Connection.php(812): Illuminate\\Database\\Connection->Illuminate\\Database\\{closure}()
#2 C:\\Users\\ADMIN\\Documents\\Kuliah\\SEMESTER 4\\PENGEMBANGAN APLIKASI WEBSITE\\TUBES-WAD1\\vendor\\laravel\\framework\\src\\Illuminate\\Database\\Connection.php(779): Illuminate\\Database\\Connection->runQueryCallback()
#3 C:\\Users\\ADMIN\\Documents\\Kuliah\\SEMESTER 4\\PENGEMBANGAN APLIKASI WEBSITE\\TUBES-WAD1\\vendor\\laravel\\framework\\src\\Illuminate\\Database\\Connection.php(560): Illuminate\\Database\\Connection->run()
#4 C:\\Users\\ADMIN\\Documents\\Kuliah\\SEMESTER 4\\PENGEMBANGAN APLIKASI WEBSITE\\TUBES-WAD1\\vendor\\laravel\\framework\\src\\Illuminate\\Database\\Schema\\Blueprint.php(118): Illuminate\\Database\\Connection->statement()
#5 C:\\Users\\ADMIN\\Documents\\Kuliah\\SEMESTER 4\\PENGEMBANGAN APLIKASI WEBSITE\\TUBES-WAD1\\vendor\\laravel\\framework\\src\\Illuminate\\Database\\Schema\\Builder.php(564): Illuminate\\Database\\Schema\\Blueprint->build()
#6 C:\\Users\\ADMIN\\Documents\\Kuliah\\SEMESTER 4\\PENGEMBANGAN APLIKASI WEBSITE\\TUBES-WAD1\\vendor\\laravel\\framework\\src\\Illuminate\\Database\\Schema\\Builder.php(406): Illuminate\\Database\\Schema\\Builder->build()
#7 C:\\Users\\ADMIN\\Documents\\Kuliah\\SEMESTER 4\\PENGEMBANGAN APLIKASI WEBSITE\\TUBES-WAD1\\vendor\\laravel\\framework\\src\\Illuminate\\Support\\Facades\\Facade.php(361): Illuminate\\Database\\Schema\\Builder->table()
#8 C:\\Users\\ADMIN\\Documents\\Kuliah\\SEMESTER 4\\PENGEMBANGAN APLIKASI WEBSITE\\TUBES-WAD1\\database\\migrations\\2025_05_30_150154_add_session_id_to_attachments_table.php(14): Illuminate\\Support\\Facades\\Facade::__callStatic()
#9 C:\\Users\\ADMIN\\Documents\\Kuliah\\SEMESTER 4\\PENGEMBANGAN APLIKASI WEBSITE\\TUBES-WAD1\\vendor\\laravel\\framework\\src\\Illuminate\\Database\\Migrations\\Migrator.php(507): Illuminate\\Database\\Migrations\\Migration@anonymous->up()
#10 C:\\Users\\ADMIN\\Documents\\Kuliah\\SEMESTER 4\\PENGEMBANGAN APLIKASI WEBSITE\\TUBES-WAD1\\vendor\\laravel\\framework\\src\\Illuminate\\Database\\Migrations\\Migrator.php(432): Illuminate\\Database\\Migrations\\Migrator->runMethod()
#11 C:\\Users\\ADMIN\\Documents\\Kuliah\\SEMESTER 4\\PENGEMBANGAN APLIKASI WEBSITE\\TUBES-WAD1\\vendor\\laravel\\framework\\src\\Illuminate\\Database\\Migrations\\Migrator.php(441): Illuminate\\Database\\Migrations\\Migrator->Illuminate\\Database\\Migrations\\{closure}()
#12 C:\\Users\\ADMIN\\Documents\\Kuliah\\SEMESTER 4\\PENGEMBANGAN APLIKASI WEBSITE\\TUBES-WAD1\\vendor\\laravel\\framework\\src\\Illuminate\\Database\\Migrations\\Migrator.php(244): Illuminate\\Database\\Migrations\\Migrator->runMigration()
#13 C:\\Users\\ADMIN\\Documents\\Kuliah\\SEMESTER 4\\PENGEMBANGAN APLIKASI WEBSITE\\TUBES-WAD1\\vendor\\laravel\\framework\\src\\Illuminate\\Console\\View\\Components\\Task.php(40): Illuminate\\Database\\Migrations\\Migrator->Illuminate\\Database\\Migrations\\{closure}()
#14 C:\\Users\\ADMIN\\Documents\\Kuliah\\SEMESTER 4\\PENGEMBANGAN APLIKASI WEBSITE\\TUBES-WAD1\\vendor\\laravel\\framework\\src\\Illuminate\\Database\\Migrations\\Migrator.php(798): Illuminate\\Console\\View\\Components\\Task->render()
#15 C:\\Users\\ADMIN\\Documents\\Kuliah\\SEMESTER 4\\PENGEMBANGAN APLIKASI WEBSITE\\TUBES-WAD1\\vendor\\laravel\\framework\\src\\Illuminate\\Database\\Migrations\\Migrator.php(244): Illuminate\\Database\\Migrations\\Migrator->write()
#16 C:\\Users\\ADMIN\\Documents\\Kuliah\\SEMESTER 4\\PENGEMBANGAN APLIKASI WEBSITE\\TUBES-WAD1\\vendor\\laravel\\framework\\src\\Illuminate\\Database\\Migrations\\Migrator.php(211): Illuminate\\Database\\Migrations\\Migrator->runUp()
#17 C:\\Users\\ADMIN\\Documents\\Kuliah\\SEMESTER 4\\PENGEMBANGAN APLIKASI WEBSITE\\TUBES-WAD1\\vendor\\laravel\\framework\\src\\Illuminate\\Database\\Migrations\\Migrator.php(138): Illuminate\\Database\\Migrations\\Migrator->runPending()
#18 C:\\Users\\ADMIN\\Documents\\Kuliah\\SEMESTER 4\\PENGEMBANGAN APLIKASI WEBSITE\\TUBES-WAD1\\vendor\\laravel\\framework\\src\\Illuminate\\Database\\Console\\Migrations\\MigrateCommand.php(117): Illuminate\\Database\\Migrations\\Migrator->run()
#19 C:\\Users\\ADMIN\\Documents\\Kuliah\\SEMESTER 4\\PENGEMBANGAN APLIKASI WEBSITE\\TUBES-WAD1\\vendor\\laravel\\framework\\src\\Illuminate\\Database\\Migrations\\Migrator.php(658): Illuminate\\Database\\Console\\Migrations\\MigrateCommand->Illuminate\\Database\\Console\\Migrations\\{closure}()
#20 C:\\Users\\ADMIN\\Documents\\Kuliah\\SEMESTER 4\\PENGEMBANGAN APLIKASI WEBSITE\\TUBES-WAD1\\vendor\\laravel\\framework\\src\\Illuminate\\Database\\Console\\Migrations\\MigrateCommand.php(110): Illuminate\\Database\\Migrations\\Migrator->usingConnection()
#21 C:\\Users\\ADMIN\\Documents\\Kuliah\\SEMESTER 4\\PENGEMBANGAN APLIKASI WEBSITE\\TUBES-WAD1\\vendor\\laravel\\framework\\src\\Illuminate\\Database\\Console\\Migrations\\MigrateCommand.php(89): Illuminate\\Database\\Console\\Migrations\\MigrateCommand->runMigrations()
#22 C:\\Users\\ADMIN\\Documents\\Kuliah\\SEMESTER 4\\PENGEMBANGAN APLIKASI WEBSITE\\TUBES-WAD1\\vendor\\laravel\\framework\\src\\Illuminate\\Container\\BoundMethod.php(36): Illuminate\\Database\\Console\\Migrations\\MigrateCommand->handle()
#23 C:\\Users\\ADMIN\\Documents\\Kuliah\\SEMESTER 4\\PENGEMBANGAN APLIKASI WEBSITE\\TUBES-WAD1\\vendor\\laravel\\framework\\src\\Illuminate\\Container\\Util.php(43): Illuminate\\Container\\BoundMethod::Illuminate\\Container\\{closure}()
#24 C:\\Users\\ADMIN\\Documents\\Kuliah\\SEMESTER 4\\PENGEMBANGAN APLIKASI WEBSITE\\TUBES-WAD1\\vendor\\laravel\\framework\\src\\Illuminate\\Container\\BoundMethod.php(95): Illuminate\\Container\\Util::unwrapIfClosure()
#25 C:\\Users\\ADMIN\\Documents\\Kuliah\\SEMESTER 4\\PENGEMBANGAN APLIKASI WEBSITE\\TUBES-WAD1\\vendor\\laravel\\framework\\src\\Illuminate\\Container\\BoundMethod.php(35): Illuminate\\Container\\BoundMethod::callBoundMethod()
#26 C:\\Users\\ADMIN\\Documents\\Kuliah\\SEMESTER 4\\PENGEMBANGAN APLIKASI WEBSITE\\TUBES-WAD1\\vendor\\laravel\\framework\\src\\Illuminate\\Container\\Container.php(696): Illuminate\\Container\\BoundMethod::call()
#27 C:\\Users\\ADMIN\\Documents\\Kuliah\\SEMESTER 4\\PENGEMBANGAN APLIKASI WEBSITE\\TUBES-WAD1\\vendor\\laravel\\framework\\src\\Illuminate\\Console\\Command.php(213): Illuminate\\Container\\Container->call()
#28 C:\\Users\\ADMIN\\Documents\\Kuliah\\SEMESTER 4\\PENGEMBANGAN APLIKASI WEBSITE\\TUBES-WAD1\\vendor\\symfony\\console\\Command\\Command.php(279): Illuminate\\Console\\Command->execute()
#29 C:\\Users\\ADMIN\\Documents\\Kuliah\\SEMESTER 4\\PENGEMBANGAN APLIKASI WEBSITE\\TUBES-WAD1\\vendor\\laravel\\framework\\src\\Illuminate\\Console\\Command.php(182): Symfony\\Component\\Console\\Command\\Command->run()
#30 C:\\Users\\ADMIN\\Documents\\Kuliah\\SEMESTER 4\\PENGEMBANGAN APLIKASI WEBSITE\\TUBES-WAD1\\vendor\\symfony\\console\\Application.php(1094): Illuminate\\Console\\Command->run()
#31 C:\\Users\\ADMIN\\Documents\\Kuliah\\SEMESTER 4\\PENGEMBANGAN APLIKASI WEBSITE\\TUBES-WAD1\\vendor\\symfony\\console\\Application.php(342): Symfony\\Component\\Console\\Application->doRunCommand()
#32 C:\\Users\\ADMIN\\Documents\\Kuliah\\SEMESTER 4\\PENGEMBANGAN APLIKASI WEBSITE\\TUBES-WAD1\\vendor\\symfony\\console\\Application.php(193): Symfony\\Component\\Console\\Application->doRun()
#33 C:\\Users\\ADMIN\\Documents\\Kuliah\\SEMESTER 4\\PENGEMBANGAN APLIKASI WEBSITE\\TUBES-WAD1\\vendor\\laravel\\framework\\src\\Illuminate\\Foundation\\Console\\Kernel.php(198): Symfony\\Component\\Console\\Application->run()
#34 C:\\Users\\ADMIN\\Documents\\Kuliah\\SEMESTER 4\\PENGEMBANGAN APLIKASI WEBSITE\\TUBES-WAD1\\vendor\\laravel\\framework\\src\\Illuminate\\Foundation\\Application.php(1235): Illuminate\\Foundation\\Console\\Kernel->handle()
#35 C:\\Users\\ADMIN\\Documents\\Kuliah\\SEMESTER 4\\PENGEMBANGAN APLIKASI WEBSITE\\TUBES-WAD1\\artisan(13): Illuminate\\Foundation\\Application->handleCommand()
#36 {main}
"} 
[2025-05-30 15:07:56] local.ERROR: SQLSTATE[42S21]: Column already exists: 1060 Duplicate column name 'session_id' (Connection: mysql, SQL: alter table `attachments` add `session_id` bigint unsigned null) {"exception":"[object] (Illuminate\\Database\\QueryException(code: 42S21): SQLSTATE[42S21]: Column already exists: 1060 Duplicate column name 'session_id' (Connection: mysql, SQL: alter table `attachments` add `session_id` bigint unsigned null) at C:\\Users\\ADMIN\\Documents\\Kuliah\\SEMESTER 4\\PENGEMBANGAN APLIKASI WEBSITE\\TUBES-WAD1\\vendor\\laravel\\framework\\src\\Illuminate\\Database\\Connection.php:825)
[stacktrace]
#0 C:\\Users\\ADMIN\\Documents\\Kuliah\\SEMESTER 4\\PENGEMBANGAN APLIKASI WEBSITE\\TUBES-WAD1\\vendor\\laravel\\framework\\src\\Illuminate\\Database\\Connection.php(779): Illuminate\\Database\\Connection->runQueryCallback()
#1 C:\\Users\\ADMIN\\Documents\\Kuliah\\SEMESTER 4\\PENGEMBANGAN APLIKASI WEBSITE\\TUBES-WAD1\\vendor\\laravel\\framework\\src\\Illuminate\\Database\\Connection.php(560): Illuminate\\Database\\Connection->run()
#2 C:\\Users\\ADMIN\\Documents\\Kuliah\\SEMESTER 4\\PENGEMBANGAN APLIKASI WEBSITE\\TUBES-WAD1\\vendor\\laravel\\framework\\src\\Illuminate\\Database\\Schema\\Blueprint.php(118): Illuminate\\Database\\Connection->statement()
#3 C:\\Users\\ADMIN\\Documents\\Kuliah\\SEMESTER 4\\PENGEMBANGAN APLIKASI WEBSITE\\TUBES-WAD1\\vendor\\laravel\\framework\\src\\Illuminate\\Database\\Schema\\Builder.php(564): Illuminate\\Database\\Schema\\Blueprint->build()
#4 C:\\Users\\ADMIN\\Documents\\Kuliah\\SEMESTER 4\\PENGEMBANGAN APLIKASI WEBSITE\\TUBES-WAD1\\vendor\\laravel\\framework\\src\\Illuminate\\Database\\Schema\\Builder.php(406): Illuminate\\Database\\Schema\\Builder->build()
#5 C:\\Users\\ADMIN\\Documents\\Kuliah\\SEMESTER 4\\PENGEMBANGAN APLIKASI WEBSITE\\TUBES-WAD1\\vendor\\laravel\\framework\\src\\Illuminate\\Support\\Facades\\Facade.php(361): Illuminate\\Database\\Schema\\Builder->table()
#6 C:\\Users\\ADMIN\\Documents\\Kuliah\\SEMESTER 4\\PENGEMBANGAN APLIKASI WEBSITE\\TUBES-WAD1\\database\\migrations\\2025_05_30_150154_add_session_id_to_attachments_table.php(14): Illuminate\\Support\\Facades\\Facade::__callStatic()
#7 C:\\Users\\ADMIN\\Documents\\Kuliah\\SEMESTER 4\\PENGEMBANGAN APLIKASI WEBSITE\\TUBES-WAD1\\vendor\\laravel\\framework\\src\\Illuminate\\Database\\Migrations\\Migrator.php(507): Illuminate\\Database\\Migrations\\Migration@anonymous->up()
#8 C:\\Users\\ADMIN\\Documents\\Kuliah\\SEMESTER 4\\PENGEMBANGAN APLIKASI WEBSITE\\TUBES-WAD1\\vendor\\laravel\\framework\\src\\Illuminate\\Database\\Migrations\\Migrator.php(432): Illuminate\\Database\\Migrations\\Migrator->runMethod()
#9 C:\\Users\\ADMIN\\Documents\\Kuliah\\SEMESTER 4\\PENGEMBANGAN APLIKASI WEBSITE\\TUBES-WAD1\\vendor\\laravel\\framework\\src\\Illuminate\\Database\\Migrations\\Migrator.php(441): Illuminate\\Database\\Migrations\\Migrator->Illuminate\\Database\\Migrations\\{closure}()
#10 C:\\Users\\ADMIN\\Documents\\Kuliah\\SEMESTER 4\\PENGEMBANGAN APLIKASI WEBSITE\\TUBES-WAD1\\vendor\\laravel\\framework\\src\\Illuminate\\Database\\Migrations\\Migrator.php(244): Illuminate\\Database\\Migrations\\Migrator->runMigration()
#11 C:\\Users\\ADMIN\\Documents\\Kuliah\\SEMESTER 4\\PENGEMBANGAN APLIKASI WEBSITE\\TUBES-WAD1\\vendor\\laravel\\framework\\src\\Illuminate\\Console\\View\\Components\\Task.php(40): Illuminate\\Database\\Migrations\\Migrator->Illuminate\\Database\\Migrations\\{closure}()
#12 C:\\Users\\ADMIN\\Documents\\Kuliah\\SEMESTER 4\\PENGEMBANGAN APLIKASI WEBSITE\\TUBES-WAD1\\vendor\\laravel\\framework\\src\\Illuminate\\Database\\Migrations\\Migrator.php(798): Illuminate\\Console\\View\\Components\\Task->render()
#13 C:\\Users\\ADMIN\\Documents\\Kuliah\\SEMESTER 4\\PENGEMBANGAN APLIKASI WEBSITE\\TUBES-WAD1\\vendor\\laravel\\framework\\src\\Illuminate\\Database\\Migrations\\Migrator.php(244): Illuminate\\Database\\Migrations\\Migrator->write()
#14 C:\\Users\\ADMIN\\Documents\\Kuliah\\SEMESTER 4\\PENGEMBANGAN APLIKASI WEBSITE\\TUBES-WAD1\\vendor\\laravel\\framework\\src\\Illuminate\\Database\\Migrations\\Migrator.php(211): Illuminate\\Database\\Migrations\\Migrator->runUp()
#15 C:\\Users\\ADMIN\\Documents\\Kuliah\\SEMESTER 4\\PENGEMBANGAN APLIKASI WEBSITE\\TUBES-WAD1\\vendor\\laravel\\framework\\src\\Illuminate\\Database\\Migrations\\Migrator.php(138): Illuminate\\Database\\Migrations\\Migrator->runPending()
#16 C:\\Users\\ADMIN\\Documents\\Kuliah\\SEMESTER 4\\PENGEMBANGAN APLIKASI WEBSITE\\TUBES-WAD1\\vendor\\laravel\\framework\\src\\Illuminate\\Database\\Console\\Migrations\\MigrateCommand.php(117): Illuminate\\Database\\Migrations\\Migrator->run()
#17 C:\\Users\\ADMIN\\Documents\\Kuliah\\SEMESTER 4\\PENGEMBANGAN APLIKASI WEBSITE\\TUBES-WAD1\\vendor\\laravel\\framework\\src\\Illuminate\\Database\\Migrations\\Migrator.php(658): Illuminate\\Database\\Console\\Migrations\\MigrateCommand->Illuminate\\Database\\Console\\Migrations\\{closure}()
#18 C:\\Users\\ADMIN\\Documents\\Kuliah\\SEMESTER 4\\PENGEMBANGAN APLIKASI WEBSITE\\TUBES-WAD1\\vendor\\laravel\\framework\\src\\Illuminate\\Database\\Console\\Migrations\\MigrateCommand.php(110): Illuminate\\Database\\Migrations\\Migrator->usingConnection()
#19 C:\\Users\\ADMIN\\Documents\\Kuliah\\SEMESTER 4\\PENGEMBANGAN APLIKASI WEBSITE\\TUBES-WAD1\\vendor\\laravel\\framework\\src\\Illuminate\\Database\\Console\\Migrations\\MigrateCommand.php(89): Illuminate\\Database\\Console\\Migrations\\MigrateCommand->runMigrations()
#20 C:\\Users\\ADMIN\\Documents\\Kuliah\\SEMESTER 4\\PENGEMBANGAN APLIKASI WEBSITE\\TUBES-WAD1\\vendor\\laravel\\framework\\src\\Illuminate\\Container\\BoundMethod.php(36): Illuminate\\Database\\Console\\Migrations\\MigrateCommand->handle()
#21 C:\\Users\\ADMIN\\Documents\\Kuliah\\SEMESTER 4\\PENGEMBANGAN APLIKASI WEBSITE\\TUBES-WAD1\\vendor\\laravel\\framework\\src\\Illuminate\\Container\\Util.php(43): Illuminate\\Container\\BoundMethod::Illuminate\\Container\\{closure}()
#22 C:\\Users\\ADMIN\\Documents\\Kuliah\\SEMESTER 4\\PENGEMBANGAN APLIKASI WEBSITE\\TUBES-WAD1\\vendor\\laravel\\framework\\src\\Illuminate\\Container\\BoundMethod.php(95): Illuminate\\Container\\Util::unwrapIfClosure()
#23 C:\\Users\\ADMIN\\Documents\\Kuliah\\SEMESTER 4\\PENGEMBANGAN APLIKASI WEBSITE\\TUBES-WAD1\\vendor\\laravel\\framework\\src\\Illuminate\\Container\\BoundMethod.php(35): Illuminate\\Container\\BoundMethod::callBoundMethod()
#24 C:\\Users\\ADMIN\\Documents\\Kuliah\\SEMESTER 4\\PENGEMBANGAN APLIKASI WEBSITE\\TUBES-WAD1\\vendor\\laravel\\framework\\src\\Illuminate\\Container\\Container.php(696): Illuminate\\Container\\BoundMethod::call()
#25 C:\\Users\\ADMIN\\Documents\\Kuliah\\SEMESTER 4\\PENGEMBANGAN APLIKASI WEBSITE\\TUBES-WAD1\\vendor\\laravel\\framework\\src\\Illuminate\\Console\\Command.php(213): Illuminate\\Container\\Container->call()
#26 C:\\Users\\ADMIN\\Documents\\Kuliah\\SEMESTER 4\\PENGEMBANGAN APLIKASI WEBSITE\\TUBES-WAD1\\vendor\\symfony\\console\\Command\\Command.php(279): Illuminate\\Console\\Command->execute()
#27 C:\\Users\\ADMIN\\Documents\\Kuliah\\SEMESTER 4\\PENGEMBANGAN APLIKASI WEBSITE\\TUBES-WAD1\\vendor\\laravel\\framework\\src\\Illuminate\\Console\\Command.php(182): Symfony\\Component\\Console\\Command\\Command->run()
#28 C:\\Users\\ADMIN\\Documents\\Kuliah\\SEMESTER 4\\PENGEMBANGAN APLIKASI WEBSITE\\TUBES-WAD1\\vendor\\symfony\\console\\Application.php(1094): Illuminate\\Console\\Command->run()
#29 C:\\Users\\ADMIN\\Documents\\Kuliah\\SEMESTER 4\\PENGEMBANGAN APLIKASI WEBSITE\\TUBES-WAD1\\vendor\\symfony\\console\\Application.php(342): Symfony\\Component\\Console\\Application->doRunCommand()
#30 C:\\Users\\ADMIN\\Documents\\Kuliah\\SEMESTER 4\\PENGEMBANGAN APLIKASI WEBSITE\\TUBES-WAD1\\vendor\\symfony\\console\\Application.php(193): Symfony\\Component\\Console\\Application->doRun()
#31 C:\\Users\\ADMIN\\Documents\\Kuliah\\SEMESTER 4\\PENGEMBANGAN APLIKASI WEBSITE\\TUBES-WAD1\\vendor\\laravel\\framework\\src\\Illuminate\\Foundation\\Console\\Kernel.php(198): Symfony\\Component\\Console\\Application->run()
#32 C:\\Users\\ADMIN\\Documents\\Kuliah\\SEMESTER 4\\PENGEMBANGAN APLIKASI WEBSITE\\TUBES-WAD1\\vendor\\laravel\\framework\\src\\Illuminate\\Foundation\\Application.php(1235): Illuminate\\Foundation\\Console\\Kernel->handle()
#33 C:\\Users\\ADMIN\\Documents\\Kuliah\\SEMESTER 4\\PENGEMBANGAN APLIKASI WEBSITE\\TUBES-WAD1\\artisan(13): Illuminate\\Foundation\\Application->handleCommand()
#34 {main}

[previous exception] [object] (PDOException(code: 42S21): SQLSTATE[42S21]: Column already exists: 1060 Duplicate column name 'session_id' at C:\\Users\\ADMIN\\Documents\\Kuliah\\SEMESTER 4\\PENGEMBANGAN APLIKASI WEBSITE\\TUBES-WAD1\\vendor\\laravel\\framework\\src\\Illuminate\\Database\\Connection.php:571)
[stacktrace]
#0 C:\\Users\\ADMIN\\Documents\\Kuliah\\SEMESTER 4\\PENGEMBANGAN APLIKASI WEBSITE\\TUBES-WAD1\\vendor\\laravel\\framework\\src\\Illuminate\\Database\\Connection.php(571): PDOStatement->execute()
#1 C:\\Users\\ADMIN\\Documents\\Kuliah\\SEMESTER 4\\PENGEMBANGAN APLIKASI WEBSITE\\TUBES-WAD1\\vendor\\laravel\\framework\\src\\Illuminate\\Database\\Connection.php(812): Illuminate\\Database\\Connection->Illuminate\\Database\\{closure}()
#2 C:\\Users\\ADMIN\\Documents\\Kuliah\\SEMESTER 4\\PENGEMBANGAN APLIKASI WEBSITE\\TUBES-WAD1\\vendor\\laravel\\framework\\src\\Illuminate\\Database\\Connection.php(779): Illuminate\\Database\\Connection->runQueryCallback()
#3 C:\\Users\\ADMIN\\Documents\\Kuliah\\SEMESTER 4\\PENGEMBANGAN APLIKASI WEBSITE\\TUBES-WAD1\\vendor\\laravel\\framework\\src\\Illuminate\\Database\\Connection.php(560): Illuminate\\Database\\Connection->run()
#4 C:\\Users\\ADMIN\\Documents\\Kuliah\\SEMESTER 4\\PENGEMBANGAN APLIKASI WEBSITE\\TUBES-WAD1\\vendor\\laravel\\framework\\src\\Illuminate\\Database\\Schema\\Blueprint.php(118): Illuminate\\Database\\Connection->statement()
#5 C:\\Users\\ADMIN\\Documents\\Kuliah\\SEMESTER 4\\PENGEMBANGAN APLIKASI WEBSITE\\TUBES-WAD1\\vendor\\laravel\\framework\\src\\Illuminate\\Database\\Schema\\Builder.php(564): Illuminate\\Database\\Schema\\Blueprint->build()
#6 C:\\Users\\ADMIN\\Documents\\Kuliah\\SEMESTER 4\\PENGEMBANGAN APLIKASI WEBSITE\\TUBES-WAD1\\vendor\\laravel\\framework\\src\\Illuminate\\Database\\Schema\\Builder.php(406): Illuminate\\Database\\Schema\\Builder->build()
#7 C:\\Users\\ADMIN\\Documents\\Kuliah\\SEMESTER 4\\PENGEMBANGAN APLIKASI WEBSITE\\TUBES-WAD1\\vendor\\laravel\\framework\\src\\Illuminate\\Support\\Facades\\Facade.php(361): Illuminate\\Database\\Schema\\Builder->table()
#8 C:\\Users\\ADMIN\\Documents\\Kuliah\\SEMESTER 4\\PENGEMBANGAN APLIKASI WEBSITE\\TUBES-WAD1\\database\\migrations\\2025_05_30_150154_add_session_id_to_attachments_table.php(14): Illuminate\\Support\\Facades\\Facade::__callStatic()
#9 C:\\Users\\ADMIN\\Documents\\Kuliah\\SEMESTER 4\\PENGEMBANGAN APLIKASI WEBSITE\\TUBES-WAD1\\vendor\\laravel\\framework\\src\\Illuminate\\Database\\Migrations\\Migrator.php(507): Illuminate\\Database\\Migrations\\Migration@anonymous->up()
#10 C:\\Users\\ADMIN\\Documents\\Kuliah\\SEMESTER 4\\PENGEMBANGAN APLIKASI WEBSITE\\TUBES-WAD1\\vendor\\laravel\\framework\\src\\Illuminate\\Database\\Migrations\\Migrator.php(432): Illuminate\\Database\\Migrations\\Migrator->runMethod()
#11 C:\\Users\\ADMIN\\Documents\\Kuliah\\SEMESTER 4\\PENGEMBANGAN APLIKASI WEBSITE\\TUBES-WAD1\\vendor\\laravel\\framework\\src\\Illuminate\\Database\\Migrations\\Migrator.php(441): Illuminate\\Database\\Migrations\\Migrator->Illuminate\\Database\\Migrations\\{closure}()
#12 C:\\Users\\ADMIN\\Documents\\Kuliah\\SEMESTER 4\\PENGEMBANGAN APLIKASI WEBSITE\\TUBES-WAD1\\vendor\\laravel\\framework\\src\\Illuminate\\Database\\Migrations\\Migrator.php(244): Illuminate\\Database\\Migrations\\Migrator->runMigration()
#13 C:\\Users\\ADMIN\\Documents\\Kuliah\\SEMESTER 4\\PENGEMBANGAN APLIKASI WEBSITE\\TUBES-WAD1\\vendor\\laravel\\framework\\src\\Illuminate\\Console\\View\\Components\\Task.php(40): Illuminate\\Database\\Migrations\\Migrator->Illuminate\\Database\\Migrations\\{closure}()
#14 C:\\Users\\ADMIN\\Documents\\Kuliah\\SEMESTER 4\\PENGEMBANGAN APLIKASI WEBSITE\\TUBES-WAD1\\vendor\\laravel\\framework\\src\\Illuminate\\Database\\Migrations\\Migrator.php(798): Illuminate\\Console\\View\\Components\\Task->render()
#15 C:\\Users\\ADMIN\\Documents\\Kuliah\\SEMESTER 4\\PENGEMBANGAN APLIKASI WEBSITE\\TUBES-WAD1\\vendor\\laravel\\framework\\src\\Illuminate\\Database\\Migrations\\Migrator.php(244): Illuminate\\Database\\Migrations\\Migrator->write()
#16 C:\\Users\\ADMIN\\Documents\\Kuliah\\SEMESTER 4\\PENGEMBANGAN APLIKASI WEBSITE\\TUBES-WAD1\\vendor\\laravel\\framework\\src\\Illuminate\\Database\\Migrations\\Migrator.php(211): Illuminate\\Database\\Migrations\\Migrator->runUp()
#17 C:\\Users\\ADMIN\\Documents\\Kuliah\\SEMESTER 4\\PENGEMBANGAN APLIKASI WEBSITE\\TUBES-WAD1\\vendor\\laravel\\framework\\src\\Illuminate\\Database\\Migrations\\Migrator.php(138): Illuminate\\Database\\Migrations\\Migrator->runPending()
#18 C:\\Users\\ADMIN\\Documents\\Kuliah\\SEMESTER 4\\PENGEMBANGAN APLIKASI WEBSITE\\TUBES-WAD1\\vendor\\laravel\\framework\\src\\Illuminate\\Database\\Console\\Migrations\\MigrateCommand.php(117): Illuminate\\Database\\Migrations\\Migrator->run()
#19 C:\\Users\\ADMIN\\Documents\\Kuliah\\SEMESTER 4\\PENGEMBANGAN APLIKASI WEBSITE\\TUBES-WAD1\\vendor\\laravel\\framework\\src\\Illuminate\\Database\\Migrations\\Migrator.php(658): Illuminate\\Database\\Console\\Migrations\\MigrateCommand->Illuminate\\Database\\Console\\Migrations\\{closure}()
#20 C:\\Users\\ADMIN\\Documents\\Kuliah\\SEMESTER 4\\PENGEMBANGAN APLIKASI WEBSITE\\TUBES-WAD1\\vendor\\laravel\\framework\\src\\Illuminate\\Database\\Console\\Migrations\\MigrateCommand.php(110): Illuminate\\Database\\Migrations\\Migrator->usingConnection()
#21 C:\\Users\\ADMIN\\Documents\\Kuliah\\SEMESTER 4\\PENGEMBANGAN APLIKASI WEBSITE\\TUBES-WAD1\\vendor\\laravel\\framework\\src\\Illuminate\\Database\\Console\\Migrations\\MigrateCommand.php(89): Illuminate\\Database\\Console\\Migrations\\MigrateCommand->runMigrations()
#22 C:\\Users\\ADMIN\\Documents\\Kuliah\\SEMESTER 4\\PENGEMBANGAN APLIKASI WEBSITE\\TUBES-WAD1\\vendor\\laravel\\framework\\src\\Illuminate\\Container\\BoundMethod.php(36): Illuminate\\Database\\Console\\Migrations\\MigrateCommand->handle()
#23 C:\\Users\\ADMIN\\Documents\\Kuliah\\SEMESTER 4\\PENGEMBANGAN APLIKASI WEBSITE\\TUBES-WAD1\\vendor\\laravel\\framework\\src\\Illuminate\\Container\\Util.php(43): Illuminate\\Container\\BoundMethod::Illuminate\\Container\\{closure}()
#24 C:\\Users\\ADMIN\\Documents\\Kuliah\\SEMESTER 4\\PENGEMBANGAN APLIKASI WEBSITE\\TUBES-WAD1\\vendor\\laravel\\framework\\src\\Illuminate\\Container\\BoundMethod.php(95): Illuminate\\Container\\Util::unwrapIfClosure()
#25 C:\\Users\\ADMIN\\Documents\\Kuliah\\SEMESTER 4\\PENGEMBANGAN APLIKASI WEBSITE\\TUBES-WAD1\\vendor\\laravel\\framework\\src\\Illuminate\\Container\\BoundMethod.php(35): Illuminate\\Container\\BoundMethod::callBoundMethod()
#26 C:\\Users\\ADMIN\\Documents\\Kuliah\\SEMESTER 4\\PENGEMBANGAN APLIKASI WEBSITE\\TUBES-WAD1\\vendor\\laravel\\framework\\src\\Illuminate\\Container\\Container.php(696): Illuminate\\Container\\BoundMethod::call()
#27 C:\\Users\\ADMIN\\Documents\\Kuliah\\SEMESTER 4\\PENGEMBANGAN APLIKASI WEBSITE\\TUBES-WAD1\\vendor\\laravel\\framework\\src\\Illuminate\\Console\\Command.php(213): Illuminate\\Container\\Container->call()
#28 C:\\Users\\ADMIN\\Documents\\Kuliah\\SEMESTER 4\\PENGEMBANGAN APLIKASI WEBSITE\\TUBES-WAD1\\vendor\\symfony\\console\\Command\\Command.php(279): Illuminate\\Console\\Command->execute()
#29 C:\\Users\\ADMIN\\Documents\\Kuliah\\SEMESTER 4\\PENGEMBANGAN APLIKASI WEBSITE\\TUBES-WAD1\\vendor\\laravel\\framework\\src\\Illuminate\\Console\\Command.php(182): Symfony\\Component\\Console\\Command\\Command->run()
#30 C:\\Users\\ADMIN\\Documents\\Kuliah\\SEMESTER 4\\PENGEMBANGAN APLIKASI WEBSITE\\TUBES-WAD1\\vendor\\symfony\\console\\Application.php(1094): Illuminate\\Console\\Command->run()
#31 C:\\Users\\ADMIN\\Documents\\Kuliah\\SEMESTER 4\\PENGEMBANGAN APLIKASI WEBSITE\\TUBES-WAD1\\vendor\\symfony\\console\\Application.php(342): Symfony\\Component\\Console\\Application->doRunCommand()
#32 C:\\Users\\ADMIN\\Documents\\Kuliah\\SEMESTER 4\\PENGEMBANGAN APLIKASI WEBSITE\\TUBES-WAD1\\vendor\\symfony\\console\\Application.php(193): Symfony\\Component\\Console\\Application->doRun()
#33 C:\\Users\\ADMIN\\Documents\\Kuliah\\SEMESTER 4\\PENGEMBANGAN APLIKASI WEBSITE\\TUBES-WAD1\\vendor\\laravel\\framework\\src\\Illuminate\\Foundation\\Console\\Kernel.php(198): Symfony\\Component\\Console\\Application->run()
#34 C:\\Users\\ADMIN\\Documents\\Kuliah\\SEMESTER 4\\PENGEMBANGAN APLIKASI WEBSITE\\TUBES-WAD1\\vendor\\laravel\\framework\\src\\Illuminate\\Foundation\\Application.php(1235): Illuminate\\Foundation\\Console\\Kernel->handle()
#35 C:\\Users\\ADMIN\\Documents\\Kuliah\\SEMESTER 4\\PENGEMBANGAN APLIKASI WEBSITE\\TUBES-WAD1\\artisan(13): Illuminate\\Foundation\\Application->handleCommand()
#36 {main}
"} 
